18:00:11 DEBUG : Logs will be stored at 'C:/Users/austi/OneDrive/Desktop/385Labs/final_proj/lab6/final_proj_workspace/IDE.log'.
18:00:14 INFO  : Launching XSCT server: xsct.bat -n  -interactive C:\Users\austi\OneDrive\Desktop\385Labs\final_proj\lab6\final_proj_workspace\temp_xsdb_launch_script.tcl
18:00:14 INFO  : Platform repository initialization has completed.
18:00:14 INFO  : Registering command handlers for Vitis TCF services
18:00:18 INFO  : XSCT server has started successfully.
18:00:21 INFO  : plnx-install-location is set to ''
18:00:21 INFO  : Successfully done setting XSCT server connection channel  
18:00:21 INFO  : Successfully done query RDI_DATADIR 
18:00:21 INFO  : Successfully done setting workspace for the tool. 
18:00:44 INFO  : Result from executing command 'getProjects': flappy_bird_final_proj
18:00:44 INFO  : Result from executing command 'getPlatforms': 
18:00:44 WARN  : An unexpected exception occurred in the module 'platform project logging'
18:00:44 INFO  : Platform 'flappy_bird_final_proj' is added to custom repositories.
18:00:46 INFO  : Platform 'flappy_bird_final_proj' is added to custom repositories.
18:03:01 INFO  : Result from executing command 'removePlatformRepo': 
18:03:07 INFO  : Result from executing command 'getProjects': flappy_bird_final_proj
18:03:07 INFO  : Result from executing command 'getPlatforms': 
18:03:07 INFO  : Checking for BSP changes to sync application flags for project 'flappy_bird'...
18:03:18 INFO  : Connected to target on host '127.0.0.1' and port '3121'.
18:03:18 INFO  : Jtag cable 'RealDigital Boo 8874292300B3A' is selected.
18:03:18 INFO  : 'jtag frequency' command is executed.
18:03:18 INFO  : 'targets -set -filter {jtag_cable_name =~ "RealDigital Boo 8874292300B3A" && level==0 && jtag_device_ctx=="jsn1-0362f093-0"}' command is executed.
18:03:19 INFO  : Device configured successfully with "C:/Users/austi/OneDrive/Desktop/385Labs/final_proj/lab6/final_proj_workspace/flappy_bird/_ide/bitstream/flappy_bird_final_proj.bit"
18:03:19 INFO  : Context for processor 'microblaze_0' is selected.
18:03:19 INFO  : Hardware design and registers information is loaded from 'C:/Users/austi/OneDrive/Desktop/385Labs/final_proj/lab6/final_proj_workspace/flappy_bird_final_proj/export/flappy_bird_final_proj/hw/flappy_bird_final_proj.xsa'.
18:03:19 INFO  : 'configparams mdm-detect-bscan-mask 2' command is executed.
18:03:19 INFO  : Context for processor 'microblaze_0' is selected.
18:03:19 INFO  : System reset is completed.
18:03:22 INFO  : 'after 3000' command is executed.
18:03:22 INFO  : Context for processor 'microblaze_0' is selected.
18:03:23 INFO  : The application 'C:/Users/austi/OneDrive/Desktop/385Labs/final_proj/lab6/final_proj_workspace/flappy_bird/Debug/flappy_bird.elf' is downloaded to processor 'microblaze_0'.
18:03:23 INFO  : ----------------XSDB Script----------------
connect -url tcp:127.0.0.1:3121
targets -set -filter {jtag_cable_name =~ "RealDigital Boo 8874292300B3A" && level==0 && jtag_device_ctx=="jsn1-0362f093-0"}
fpga -file C:/Users/austi/OneDrive/Desktop/385Labs/final_proj/lab6/final_proj_workspace/flappy_bird/_ide/bitstream/flappy_bird_final_proj.bit
targets -set -nocase -filter {name =~ "*microblaze*#0" && bscan=="USER2" }
loadhw -hw C:/Users/austi/OneDrive/Desktop/385Labs/final_proj/lab6/final_proj_workspace/flappy_bird_final_proj/export/flappy_bird_final_proj/hw/flappy_bird_final_proj.xsa -regs
configparams mdm-detect-bscan-mask 2
targets -set -nocase -filter {name =~ "*microblaze*#0" && bscan=="USER2" }
rst -system
after 3000
targets -set -nocase -filter {name =~ "*microblaze*#0" && bscan=="USER2" }
dow C:/Users/austi/OneDrive/Desktop/385Labs/final_proj/lab6/final_proj_workspace/flappy_bird/Debug/flappy_bird.elf
----------------End of Script----------------

18:03:23 INFO  : Context for processor 'microblaze_0' is selected.
18:03:23 INFO  : 'con' command is executed.
18:03:23 INFO  : ----------------XSDB Script (After Launch)----------------
targets -set -nocase -filter {name =~ "*microblaze*#0" && bscan=="USER2" }
con
----------------End of Script----------------

18:03:23 INFO  : Launch script is exported to file 'C:\Users\austi\OneDrive\Desktop\385Labs\final_proj\lab6\final_proj_workspace\flappy_bird_system\_ide\scripts\debugger_flappy_bird-default.tcl'
18:03:54 INFO  : Disconnected from the channel tcfchan#3.
18:03:55 INFO  : Connected to target on host '127.0.0.1' and port '3121'.
18:03:55 INFO  : Jtag cable 'RealDigital Boo 8874292300B3A' is selected.
18:03:55 INFO  : 'jtag frequency' command is executed.
18:03:55 INFO  : 'targets -set -filter {jtag_cable_name =~ "RealDigital Boo 8874292300B3A" && level==0 && jtag_device_ctx=="jsn1-0362f093-0"}' command is executed.
18:03:56 INFO  : Device configured successfully with "C:/Users/austi/OneDrive/Desktop/385Labs/final_proj/lab6/final_proj_workspace/flappy_bird/_ide/bitstream/flappy_bird_final_proj.bit"
18:03:57 INFO  : Context for processor 'microblaze_0' is selected.
18:03:57 INFO  : Hardware design and registers information is loaded from 'C:/Users/austi/OneDrive/Desktop/385Labs/final_proj/lab6/final_proj_workspace/flappy_bird_final_proj/export/flappy_bird_final_proj/hw/flappy_bird_final_proj.xsa'.
18:03:57 INFO  : 'configparams mdm-detect-bscan-mask 2' command is executed.
18:03:57 INFO  : Context for processor 'microblaze_0' is selected.
18:03:57 INFO  : System reset is completed.
18:04:00 INFO  : 'after 3000' command is executed.
18:04:00 INFO  : Context for processor 'microblaze_0' is selected.
18:04:00 INFO  : The application 'C:/Users/austi/OneDrive/Desktop/385Labs/final_proj/lab6/final_proj_workspace/flappy_bird/Debug/flappy_bird.elf' is downloaded to processor 'microblaze_0'.
18:04:00 INFO  : ----------------XSDB Script----------------
connect -url tcp:127.0.0.1:3121
targets -set -filter {jtag_cable_name =~ "RealDigital Boo 8874292300B3A" && level==0 && jtag_device_ctx=="jsn1-0362f093-0"}
fpga -file C:/Users/austi/OneDrive/Desktop/385Labs/final_proj/lab6/final_proj_workspace/flappy_bird/_ide/bitstream/flappy_bird_final_proj.bit
targets -set -nocase -filter {name =~ "*microblaze*#0" && bscan=="USER2" }
loadhw -hw C:/Users/austi/OneDrive/Desktop/385Labs/final_proj/lab6/final_proj_workspace/flappy_bird_final_proj/export/flappy_bird_final_proj/hw/flappy_bird_final_proj.xsa -regs
configparams mdm-detect-bscan-mask 2
targets -set -nocase -filter {name =~ "*microblaze*#0" && bscan=="USER2" }
rst -system
after 3000
targets -set -nocase -filter {name =~ "*microblaze*#0" && bscan=="USER2" }
dow C:/Users/austi/OneDrive/Desktop/385Labs/final_proj/lab6/final_proj_workspace/flappy_bird/Debug/flappy_bird.elf
----------------End of Script----------------

18:04:00 INFO  : Context for processor 'microblaze_0' is selected.
18:04:00 INFO  : 'con' command is executed.
18:04:00 INFO  : ----------------XSDB Script (After Launch)----------------
targets -set -nocase -filter {name =~ "*microblaze*#0" && bscan=="USER2" }
con
----------------End of Script----------------

18:04:00 INFO  : Launch script is exported to file 'C:\Users\austi\OneDrive\Desktop\385Labs\final_proj\lab6\final_proj_workspace\flappy_bird_system\_ide\scripts\debugger_flappy_bird-default.tcl'
18:15:51 INFO  : Hardware specification for platform project 'flappy_bird_final_proj' is updated.
18:15:59 INFO  : Result from executing command 'removePlatformRepo': 
18:16:07 INFO  : Result from executing command 'getProjects': flappy_bird_final_proj
18:16:07 INFO  : Result from executing command 'getPlatforms': 
18:16:07 INFO  : Checking for BSP changes to sync application flags for project 'flappy_bird'...
18:16:10 INFO  : The hardware specification used by project 'flappy_bird' is out of sync with the platform. Resource files extracted from the hardware specification will be updated.
18:16:10 INFO  : The file 'C:\Users\austi\OneDrive\Desktop\385Labs\final_proj\lab6\final_proj_workspace\flappy_bird\_ide\bitstream\flappy_bird_final_proj.bit' stored in project is removed.
18:16:10 INFO  : The file 'C:\Users\austi\OneDrive\Desktop\385Labs\final_proj\lab6\final_proj_workspace\flappy_bird\_ide\bitstream\flappy_bird_final_proj.mmi' stored in project is removed.
18:16:10 INFO  : The updated bitstream files are copied from platform to folder 'C:\Users\austi\OneDrive\Desktop\385Labs\final_proj\lab6\final_proj_workspace\flappy_bird\_ide\bitstream' in project 'flappy_bird'.
18:16:21 INFO  : Disconnected from the channel tcfchan#4.
18:16:22 INFO  : Connected to target on host '127.0.0.1' and port '3121'.
18:16:22 INFO  : Jtag cable 'RealDigital Boo 8874292300B3A' is selected.
18:16:22 INFO  : 'jtag frequency' command is executed.
18:16:22 INFO  : 'targets -set -filter {jtag_cable_name =~ "RealDigital Boo 8874292300B3A" && level==0 && jtag_device_ctx=="jsn1-0362f093-0"}' command is executed.
18:16:24 INFO  : Device configured successfully with "C:/Users/austi/OneDrive/Desktop/385Labs/final_proj/lab6/final_proj_workspace/flappy_bird/_ide/bitstream/flappy_bird_final_proj.bit"
18:16:24 INFO  : Context for processor 'microblaze_0' is selected.
18:16:24 INFO  : Hardware design and registers information is loaded from 'C:/Users/austi/OneDrive/Desktop/385Labs/final_proj/lab6/final_proj_workspace/flappy_bird_final_proj/export/flappy_bird_final_proj/hw/flappy_bird_final_proj.xsa'.
18:16:24 INFO  : 'configparams mdm-detect-bscan-mask 2' command is executed.
18:16:24 INFO  : Context for processor 'microblaze_0' is selected.
18:16:24 INFO  : System reset is completed.
18:16:27 INFO  : 'after 3000' command is executed.
18:16:27 INFO  : Context for processor 'microblaze_0' is selected.
18:16:27 INFO  : The application 'C:/Users/austi/OneDrive/Desktop/385Labs/final_proj/lab6/final_proj_workspace/flappy_bird/Debug/flappy_bird.elf' is downloaded to processor 'microblaze_0'.
18:16:27 INFO  : ----------------XSDB Script----------------
connect -url tcp:127.0.0.1:3121
targets -set -filter {jtag_cable_name =~ "RealDigital Boo 8874292300B3A" && level==0 && jtag_device_ctx=="jsn1-0362f093-0"}
fpga -file C:/Users/austi/OneDrive/Desktop/385Labs/final_proj/lab6/final_proj_workspace/flappy_bird/_ide/bitstream/flappy_bird_final_proj.bit
targets -set -nocase -filter {name =~ "*microblaze*#0" && bscan=="USER2" }
loadhw -hw C:/Users/austi/OneDrive/Desktop/385Labs/final_proj/lab6/final_proj_workspace/flappy_bird_final_proj/export/flappy_bird_final_proj/hw/flappy_bird_final_proj.xsa -regs
configparams mdm-detect-bscan-mask 2
targets -set -nocase -filter {name =~ "*microblaze*#0" && bscan=="USER2" }
rst -system
after 3000
targets -set -nocase -filter {name =~ "*microblaze*#0" && bscan=="USER2" }
dow C:/Users/austi/OneDrive/Desktop/385Labs/final_proj/lab6/final_proj_workspace/flappy_bird/Debug/flappy_bird.elf
----------------End of Script----------------

18:16:27 INFO  : Context for processor 'microblaze_0' is selected.
18:16:27 INFO  : 'con' command is executed.
18:16:27 INFO  : ----------------XSDB Script (After Launch)----------------
targets -set -nocase -filter {name =~ "*microblaze*#0" && bscan=="USER2" }
con
----------------End of Script----------------

18:16:27 INFO  : Launch script is exported to file 'C:\Users\austi\OneDrive\Desktop\385Labs\final_proj\lab6\final_proj_workspace\flappy_bird_system\_ide\scripts\debugger_flappy_bird-default.tcl'
18:16:36 INFO  : Disconnected from the channel tcfchan#7.
18:16:37 INFO  : Connected to target on host '127.0.0.1' and port '3121'.
18:16:37 INFO  : Jtag cable 'RealDigital Boo 8874292300B3A' is selected.
18:16:37 INFO  : 'jtag frequency' command is executed.
18:16:37 INFO  : 'targets -set -filter {jtag_cable_name =~ "RealDigital Boo 8874292300B3A" && level==0 && jtag_device_ctx=="jsn1-0362f093-0"}' command is executed.
18:16:39 INFO  : Device configured successfully with "C:/Users/austi/OneDrive/Desktop/385Labs/final_proj/lab6/final_proj_workspace/flappy_bird/_ide/bitstream/flappy_bird_final_proj.bit"
18:16:39 INFO  : Context for processor 'microblaze_0' is selected.
18:16:39 INFO  : Hardware design and registers information is loaded from 'C:/Users/austi/OneDrive/Desktop/385Labs/final_proj/lab6/final_proj_workspace/flappy_bird_final_proj/export/flappy_bird_final_proj/hw/flappy_bird_final_proj.xsa'.
18:16:39 INFO  : 'configparams mdm-detect-bscan-mask 2' command is executed.
18:16:39 INFO  : Context for processor 'microblaze_0' is selected.
18:16:39 INFO  : System reset is completed.
18:16:42 INFO  : 'after 3000' command is executed.
18:16:42 INFO  : Context for processor 'microblaze_0' is selected.
18:16:42 INFO  : The application 'C:/Users/austi/OneDrive/Desktop/385Labs/final_proj/lab6/final_proj_workspace/flappy_bird/Debug/flappy_bird.elf' is downloaded to processor 'microblaze_0'.
18:16:42 INFO  : ----------------XSDB Script----------------
connect -url tcp:127.0.0.1:3121
targets -set -filter {jtag_cable_name =~ "RealDigital Boo 8874292300B3A" && level==0 && jtag_device_ctx=="jsn1-0362f093-0"}
fpga -file C:/Users/austi/OneDrive/Desktop/385Labs/final_proj/lab6/final_proj_workspace/flappy_bird/_ide/bitstream/flappy_bird_final_proj.bit
targets -set -nocase -filter {name =~ "*microblaze*#0" && bscan=="USER2" }
loadhw -hw C:/Users/austi/OneDrive/Desktop/385Labs/final_proj/lab6/final_proj_workspace/flappy_bird_final_proj/export/flappy_bird_final_proj/hw/flappy_bird_final_proj.xsa -regs
configparams mdm-detect-bscan-mask 2
targets -set -nocase -filter {name =~ "*microblaze*#0" && bscan=="USER2" }
rst -system
after 3000
targets -set -nocase -filter {name =~ "*microblaze*#0" && bscan=="USER2" }
dow C:/Users/austi/OneDrive/Desktop/385Labs/final_proj/lab6/final_proj_workspace/flappy_bird/Debug/flappy_bird.elf
----------------End of Script----------------

18:16:42 INFO  : Context for processor 'microblaze_0' is selected.
18:16:42 INFO  : 'con' command is executed.
18:16:42 INFO  : ----------------XSDB Script (After Launch)----------------
targets -set -nocase -filter {name =~ "*microblaze*#0" && bscan=="USER2" }
con
----------------End of Script----------------

18:16:42 INFO  : Launch script is exported to file 'C:\Users\austi\OneDrive\Desktop\385Labs\final_proj\lab6\final_proj_workspace\flappy_bird_system\_ide\scripts\debugger_flappy_bird-default.tcl'
18:16:55 INFO  : Disconnected from the channel tcfchan#8.
18:16:56 INFO  : Connected to target on host '127.0.0.1' and port '3121'.
18:17:05 INFO  : ----------------XSDB Script----------------
connect -url tcp:127.0.0.1:3121
----------------End of Script----------------

18:17:05 ERROR : Could not find FPGA device on the board for connection 'Local'.


Troubleshooting hints:
1. Check whether board is connected to system properly.
2. In case of zynq board, check whether Digilent/Xilinx cable switch settings are correct.
3. If you are using Xilinx Platform Cable USB, ensure that status LED is green.
18:17:15 INFO  : Connected to target on host '127.0.0.1' and port '3121'.
18:17:15 INFO  : Jtag cable 'RealDigital Boo 8874292300B3A' is selected.
18:17:15 INFO  : 'jtag frequency' command is executed.
18:17:15 INFO  : 'targets -set -filter {jtag_cable_name =~ "RealDigital Boo 8874292300B3A" && level==0 && jtag_device_ctx=="jsn1-0362f093-0"}' command is executed.
18:17:16 INFO  : Device configured successfully with "C:/Users/austi/OneDrive/Desktop/385Labs/final_proj/lab6/final_proj_workspace/flappy_bird/_ide/bitstream/flappy_bird_final_proj.bit"
18:17:16 INFO  : Context for processor 'microblaze_0' is selected.
18:17:16 INFO  : Hardware design and registers information is loaded from 'C:/Users/austi/OneDrive/Desktop/385Labs/final_proj/lab6/final_proj_workspace/flappy_bird_final_proj/export/flappy_bird_final_proj/hw/flappy_bird_final_proj.xsa'.
18:17:16 INFO  : 'configparams mdm-detect-bscan-mask 2' command is executed.
18:17:16 INFO  : Context for processor 'microblaze_0' is selected.
18:17:16 INFO  : System reset is completed.
18:17:19 INFO  : 'after 3000' command is executed.
18:17:19 INFO  : Context for processor 'microblaze_0' is selected.
18:17:20 INFO  : The application 'C:/Users/austi/OneDrive/Desktop/385Labs/final_proj/lab6/final_proj_workspace/flappy_bird/Debug/flappy_bird.elf' is downloaded to processor 'microblaze_0'.
18:17:20 INFO  : ----------------XSDB Script----------------
connect -url tcp:127.0.0.1:3121
targets -set -filter {jtag_cable_name =~ "RealDigital Boo 8874292300B3A" && level==0 && jtag_device_ctx=="jsn1-0362f093-0"}
fpga -file C:/Users/austi/OneDrive/Desktop/385Labs/final_proj/lab6/final_proj_workspace/flappy_bird/_ide/bitstream/flappy_bird_final_proj.bit
targets -set -nocase -filter {name =~ "*microblaze*#0" && bscan=="USER2" }
loadhw -hw C:/Users/austi/OneDrive/Desktop/385Labs/final_proj/lab6/final_proj_workspace/flappy_bird_final_proj/export/flappy_bird_final_proj/hw/flappy_bird_final_proj.xsa -regs
configparams mdm-detect-bscan-mask 2
targets -set -nocase -filter {name =~ "*microblaze*#0" && bscan=="USER2" }
rst -system
after 3000
targets -set -nocase -filter {name =~ "*microblaze*#0" && bscan=="USER2" }
dow C:/Users/austi/OneDrive/Desktop/385Labs/final_proj/lab6/final_proj_workspace/flappy_bird/Debug/flappy_bird.elf
----------------End of Script----------------

18:17:20 INFO  : Context for processor 'microblaze_0' is selected.
18:17:20 INFO  : 'con' command is executed.
18:17:20 INFO  : ----------------XSDB Script (After Launch)----------------
targets -set -nocase -filter {name =~ "*microblaze*#0" && bscan=="USER2" }
con
----------------End of Script----------------

18:17:20 INFO  : Launch script is exported to file 'C:\Users\austi\OneDrive\Desktop\385Labs\final_proj\lab6\final_proj_workspace\flappy_bird_system\_ide\scripts\debugger_flappy_bird-default.tcl'
18:25:11 INFO  : Hardware specification for platform project 'flappy_bird_final_proj' is updated.
18:25:18 INFO  : Result from executing command 'removePlatformRepo': 
18:25:26 INFO  : Result from executing command 'getProjects': flappy_bird_final_proj
18:25:26 INFO  : Result from executing command 'getPlatforms': 
18:25:26 INFO  : Checking for BSP changes to sync application flags for project 'flappy_bird'...
18:25:28 INFO  : The hardware specification used by project 'flappy_bird' is out of sync with the platform. Resource files extracted from the hardware specification will be updated.
18:25:28 INFO  : The file 'C:\Users\austi\OneDrive\Desktop\385Labs\final_proj\lab6\final_proj_workspace\flappy_bird\_ide\bitstream\flappy_bird_final_proj.bit' stored in project is removed.
18:25:28 INFO  : The file 'C:\Users\austi\OneDrive\Desktop\385Labs\final_proj\lab6\final_proj_workspace\flappy_bird\_ide\bitstream\flappy_bird_final_proj.mmi' stored in project is removed.
18:25:28 INFO  : The updated bitstream files are copied from platform to folder 'C:\Users\austi\OneDrive\Desktop\385Labs\final_proj\lab6\final_proj_workspace\flappy_bird\_ide\bitstream' in project 'flappy_bird'.
18:25:44 INFO  : Disconnected from the channel tcfchan#9.
18:25:45 INFO  : Connected to target on host '127.0.0.1' and port '3121'.
18:25:55 INFO  : ----------------XSDB Script----------------
connect -url tcp:127.0.0.1:3121
----------------End of Script----------------

18:25:55 ERROR : Could not find FPGA device on the board for connection 'Local'.


Troubleshooting hints:
1. Check whether board is connected to system properly.
2. In case of zynq board, check whether Digilent/Xilinx cable switch settings are correct.
3. If you are using Xilinx Platform Cable USB, ensure that status LED is green.
18:26:02 INFO  : Connected to target on host '127.0.0.1' and port '3121'.
18:26:02 INFO  : Jtag cable 'RealDigital Boo 8874292300B3A' is selected.
18:26:02 INFO  : 'jtag frequency' command is executed.
18:26:02 INFO  : 'targets -set -filter {jtag_cable_name =~ "RealDigital Boo 8874292300B3A" && level==0 && jtag_device_ctx=="jsn1-0362f093-0"}' command is executed.
18:26:04 INFO  : Device configured successfully with "C:/Users/austi/OneDrive/Desktop/385Labs/final_proj/lab6/final_proj_workspace/flappy_bird/_ide/bitstream/flappy_bird_final_proj.bit"
18:26:04 INFO  : Context for processor 'microblaze_0' is selected.
18:26:04 INFO  : Hardware design and registers information is loaded from 'C:/Users/austi/OneDrive/Desktop/385Labs/final_proj/lab6/final_proj_workspace/flappy_bird_final_proj/export/flappy_bird_final_proj/hw/flappy_bird_final_proj.xsa'.
18:26:04 INFO  : 'configparams mdm-detect-bscan-mask 2' command is executed.
18:26:04 INFO  : Context for processor 'microblaze_0' is selected.
18:26:04 INFO  : System reset is completed.
18:26:07 INFO  : 'after 3000' command is executed.
18:26:07 INFO  : Context for processor 'microblaze_0' is selected.
18:26:07 INFO  : The application 'C:/Users/austi/OneDrive/Desktop/385Labs/final_proj/lab6/final_proj_workspace/flappy_bird/Debug/flappy_bird.elf' is downloaded to processor 'microblaze_0'.
18:26:07 INFO  : ----------------XSDB Script----------------
connect -url tcp:127.0.0.1:3121
targets -set -filter {jtag_cable_name =~ "RealDigital Boo 8874292300B3A" && level==0 && jtag_device_ctx=="jsn1-0362f093-0"}
fpga -file C:/Users/austi/OneDrive/Desktop/385Labs/final_proj/lab6/final_proj_workspace/flappy_bird/_ide/bitstream/flappy_bird_final_proj.bit
targets -set -nocase -filter {name =~ "*microblaze*#0" && bscan=="USER2" }
loadhw -hw C:/Users/austi/OneDrive/Desktop/385Labs/final_proj/lab6/final_proj_workspace/flappy_bird_final_proj/export/flappy_bird_final_proj/hw/flappy_bird_final_proj.xsa -regs
configparams mdm-detect-bscan-mask 2
targets -set -nocase -filter {name =~ "*microblaze*#0" && bscan=="USER2" }
rst -system
after 3000
targets -set -nocase -filter {name =~ "*microblaze*#0" && bscan=="USER2" }
dow C:/Users/austi/OneDrive/Desktop/385Labs/final_proj/lab6/final_proj_workspace/flappy_bird/Debug/flappy_bird.elf
----------------End of Script----------------

18:26:07 INFO  : Context for processor 'microblaze_0' is selected.
18:26:07 INFO  : 'con' command is executed.
18:26:07 INFO  : ----------------XSDB Script (After Launch)----------------
targets -set -nocase -filter {name =~ "*microblaze*#0" && bscan=="USER2" }
con
----------------End of Script----------------

18:26:07 INFO  : Launch script is exported to file 'C:\Users\austi\OneDrive\Desktop\385Labs\final_proj\lab6\final_proj_workspace\flappy_bird_system\_ide\scripts\debugger_flappy_bird-default.tcl'
18:30:59 INFO  : Disconnected from the channel tcfchan#12.
03:17:58 DEBUG : Logs will be stored at 'C:/Users/austi/OneDrive/Desktop/385Labs/final_proj/lab6/final_proj_workspace/IDE.log'.
03:17:59 INFO  : Launching XSCT server: xsct.bat -n  -interactive C:\Users\austi\OneDrive\Desktop\385Labs\final_proj\lab6\final_proj_workspace\temp_xsdb_launch_script.tcl
03:18:05 INFO  : Platform repository initialization has completed.
03:18:06 INFO  : Registering command handlers for Vitis TCF services
03:18:08 INFO  : XSCT server has started successfully.
03:18:16 INFO  : plnx-install-location is set to ''
03:18:16 INFO  : Successfully done setting XSCT server connection channel  
03:18:16 INFO  : Successfully done query RDI_DATADIR 
03:18:16 INFO  : Successfully done setting workspace for the tool. 
03:19:16 INFO  : Connected to target on host '127.0.0.1' and port '3121'.
03:19:16 INFO  : Jtag cable 'RealDigital Boo 8874292300B3A' is selected.
03:19:16 INFO  : 'jtag frequency' command is executed.
03:19:17 INFO  : 'targets -set -filter {jtag_cable_name =~ "RealDigital Boo 8874292300B3A" && level==0 && jtag_device_ctx=="jsn1-0362f093-0"}' command is executed.
03:19:18 INFO  : Device configured successfully with "C:/Users/austi/OneDrive/Desktop/385Labs/final_proj/lab6/final_proj_workspace/flappy_bird/_ide/bitstream/flappy_bird_final_proj.bit"
03:19:18 INFO  : Context for processor 'microblaze_0' is selected.
03:19:18 INFO  : Hardware design and registers information is loaded from 'C:/Users/austi/OneDrive/Desktop/385Labs/final_proj/lab6/final_proj_workspace/flappy_bird_final_proj/export/flappy_bird_final_proj/hw/flappy_bird_final_proj.xsa'.
03:19:18 INFO  : 'configparams mdm-detect-bscan-mask 2' command is executed.
03:19:18 INFO  : Context for processor 'microblaze_0' is selected.
03:19:18 INFO  : System reset is completed.
03:19:21 INFO  : 'after 3000' command is executed.
03:19:22 INFO  : Context for processor 'microblaze_0' is selected.
03:19:22 INFO  : The application 'C:/Users/austi/OneDrive/Desktop/385Labs/final_proj/lab6/final_proj_workspace/flappy_bird/Debug/flappy_bird.elf' is downloaded to processor 'microblaze_0'.
03:19:22 INFO  : ----------------XSDB Script----------------
connect -url tcp:127.0.0.1:3121
targets -set -filter {jtag_cable_name =~ "RealDigital Boo 8874292300B3A" && level==0 && jtag_device_ctx=="jsn1-0362f093-0"}
fpga -file C:/Users/austi/OneDrive/Desktop/385Labs/final_proj/lab6/final_proj_workspace/flappy_bird/_ide/bitstream/flappy_bird_final_proj.bit
targets -set -nocase -filter {name =~ "*microblaze*#0" && bscan=="USER2" }
loadhw -hw C:/Users/austi/OneDrive/Desktop/385Labs/final_proj/lab6/final_proj_workspace/flappy_bird_final_proj/export/flappy_bird_final_proj/hw/flappy_bird_final_proj.xsa -regs
configparams mdm-detect-bscan-mask 2
targets -set -nocase -filter {name =~ "*microblaze*#0" && bscan=="USER2" }
rst -system
after 3000
targets -set -nocase -filter {name =~ "*microblaze*#0" && bscan=="USER2" }
dow C:/Users/austi/OneDrive/Desktop/385Labs/final_proj/lab6/final_proj_workspace/flappy_bird/Debug/flappy_bird.elf
----------------End of Script----------------

03:19:22 INFO  : Context for processor 'microblaze_0' is selected.
03:19:22 INFO  : 'con' command is executed.
03:19:22 INFO  : ----------------XSDB Script (After Launch)----------------
targets -set -nocase -filter {name =~ "*microblaze*#0" && bscan=="USER2" }
con
----------------End of Script----------------

03:19:22 INFO  : Launch script is exported to file 'C:\Users\austi\OneDrive\Desktop\385Labs\final_proj\lab6\final_proj_workspace\flappy_bird_system\_ide\scripts\debugger_flappy_bird-default.tcl'
03:19:45 INFO  : Disconnected from the channel tcfchan#1.
03:19:46 INFO  : Connected to target on host '127.0.0.1' and port '3121'.
03:19:46 INFO  : Jtag cable 'RealDigital Boo 8874292300B3A' is selected.
03:19:46 INFO  : 'jtag frequency' command is executed.
03:19:46 INFO  : 'targets -set -filter {jtag_cable_name =~ "RealDigital Boo 8874292300B3A" && level==0 && jtag_device_ctx=="jsn1-0362f093-0"}' command is executed.
03:19:47 INFO  : Device configured successfully with "C:/Users/austi/OneDrive/Desktop/385Labs/final_proj/lab6/final_proj_workspace/flappy_bird/_ide/bitstream/flappy_bird_final_proj.bit"
03:19:48 INFO  : Context for processor 'microblaze_0' is selected.
03:19:48 INFO  : Hardware design and registers information is loaded from 'C:/Users/austi/OneDrive/Desktop/385Labs/final_proj/lab6/final_proj_workspace/flappy_bird_final_proj/export/flappy_bird_final_proj/hw/flappy_bird_final_proj.xsa'.
03:19:48 INFO  : 'configparams mdm-detect-bscan-mask 2' command is executed.
03:19:48 INFO  : Context for processor 'microblaze_0' is selected.
03:19:48 INFO  : System reset is completed.
03:19:51 INFO  : 'after 3000' command is executed.
03:19:52 INFO  : Context for processor 'microblaze_0' is selected.
03:19:52 INFO  : The application 'C:/Users/austi/OneDrive/Desktop/385Labs/final_proj/lab6/final_proj_workspace/flappy_bird/Debug/flappy_bird.elf' is downloaded to processor 'microblaze_0'.
03:19:52 INFO  : ----------------XSDB Script----------------
connect -url tcp:127.0.0.1:3121
targets -set -filter {jtag_cable_name =~ "RealDigital Boo 8874292300B3A" && level==0 && jtag_device_ctx=="jsn1-0362f093-0"}
fpga -file C:/Users/austi/OneDrive/Desktop/385Labs/final_proj/lab6/final_proj_workspace/flappy_bird/_ide/bitstream/flappy_bird_final_proj.bit
targets -set -nocase -filter {name =~ "*microblaze*#0" && bscan=="USER2" }
loadhw -hw C:/Users/austi/OneDrive/Desktop/385Labs/final_proj/lab6/final_proj_workspace/flappy_bird_final_proj/export/flappy_bird_final_proj/hw/flappy_bird_final_proj.xsa -regs
configparams mdm-detect-bscan-mask 2
targets -set -nocase -filter {name =~ "*microblaze*#0" && bscan=="USER2" }
rst -system
after 3000
targets -set -nocase -filter {name =~ "*microblaze*#0" && bscan=="USER2" }
dow C:/Users/austi/OneDrive/Desktop/385Labs/final_proj/lab6/final_proj_workspace/flappy_bird/Debug/flappy_bird.elf
----------------End of Script----------------

03:19:52 INFO  : Context for processor 'microblaze_0' is selected.
03:19:52 INFO  : 'con' command is executed.
03:19:52 INFO  : ----------------XSDB Script (After Launch)----------------
targets -set -nocase -filter {name =~ "*microblaze*#0" && bscan=="USER2" }
con
----------------End of Script----------------

03:19:52 INFO  : Launch script is exported to file 'C:\Users\austi\OneDrive\Desktop\385Labs\final_proj\lab6\final_proj_workspace\flappy_bird_system\_ide\scripts\debugger_flappy_bird-default.tcl'
03:21:32 INFO  : Disconnected from the channel tcfchan#2.
13:07:07 DEBUG : Logs will be stored at 'C:/Users/austi/OneDrive/Desktop/385Labs/final_proj/lab6/final_proj_workspace/IDE.log'.
13:07:09 INFO  : Launching XSCT server: xsct.bat -n  -interactive C:\Users\austi\OneDrive\Desktop\385Labs\final_proj\lab6\final_proj_workspace\temp_xsdb_launch_script.tcl
13:07:14 INFO  : Platform repository initialization has completed.
13:07:15 INFO  : Registering command handlers for Vitis TCF services
13:07:17 INFO  : XSCT server has started successfully.
13:07:25 INFO  : plnx-install-location is set to ''
13:07:25 INFO  : Successfully done setting XSCT server connection channel  
13:07:26 INFO  : Successfully done query RDI_DATADIR 
13:07:26 INFO  : Successfully done setting workspace for the tool. 
13:07:29 INFO  : Connected to target on host '127.0.0.1' and port '3121'.
13:07:30 INFO  : Jtag cable 'RealDigital Boo 8874292300B3A' is selected.
13:07:30 INFO  : 'jtag frequency' command is executed.
13:07:30 INFO  : 'targets -set -filter {jtag_cable_name =~ "RealDigital Boo 8874292300B3A" && level==0 && jtag_device_ctx=="jsn1-0362f093-0"}' command is executed.
13:07:31 INFO  : Device configured successfully with "C:/Users/austi/OneDrive/Desktop/385Labs/final_proj/lab6/final_proj_workspace/flappy_bird/_ide/bitstream/flappy_bird_final_proj.bit"
13:07:31 INFO  : Context for processor 'microblaze_0' is selected.
13:07:32 INFO  : Hardware design and registers information is loaded from 'C:/Users/austi/OneDrive/Desktop/385Labs/final_proj/lab6/final_proj_workspace/flappy_bird_final_proj/export/flappy_bird_final_proj/hw/flappy_bird_final_proj.xsa'.
13:07:32 INFO  : 'configparams mdm-detect-bscan-mask 2' command is executed.
13:07:32 INFO  : Context for processor 'microblaze_0' is selected.
13:07:32 INFO  : System reset is completed.
13:07:35 INFO  : 'after 3000' command is executed.
13:07:35 INFO  : Context for processor 'microblaze_0' is selected.
13:07:35 INFO  : The application 'C:/Users/austi/OneDrive/Desktop/385Labs/final_proj/lab6/final_proj_workspace/flappy_bird/Debug/flappy_bird.elf' is downloaded to processor 'microblaze_0'.
13:07:35 INFO  : ----------------XSDB Script----------------
connect -url tcp:127.0.0.1:3121
targets -set -filter {jtag_cable_name =~ "RealDigital Boo 8874292300B3A" && level==0 && jtag_device_ctx=="jsn1-0362f093-0"}
fpga -file C:/Users/austi/OneDrive/Desktop/385Labs/final_proj/lab6/final_proj_workspace/flappy_bird/_ide/bitstream/flappy_bird_final_proj.bit
targets -set -nocase -filter {name =~ "*microblaze*#0" && bscan=="USER2" }
loadhw -hw C:/Users/austi/OneDrive/Desktop/385Labs/final_proj/lab6/final_proj_workspace/flappy_bird_final_proj/export/flappy_bird_final_proj/hw/flappy_bird_final_proj.xsa -regs
configparams mdm-detect-bscan-mask 2
targets -set -nocase -filter {name =~ "*microblaze*#0" && bscan=="USER2" }
rst -system
after 3000
targets -set -nocase -filter {name =~ "*microblaze*#0" && bscan=="USER2" }
dow C:/Users/austi/OneDrive/Desktop/385Labs/final_proj/lab6/final_proj_workspace/flappy_bird/Debug/flappy_bird.elf
----------------End of Script----------------

13:07:35 INFO  : Context for processor 'microblaze_0' is selected.
13:07:35 INFO  : 'con' command is executed.
13:07:35 INFO  : ----------------XSDB Script (After Launch)----------------
targets -set -nocase -filter {name =~ "*microblaze*#0" && bscan=="USER2" }
con
----------------End of Script----------------

13:07:35 INFO  : Launch script is exported to file 'C:\Users\austi\OneDrive\Desktop\385Labs\final_proj\lab6\final_proj_workspace\flappy_bird_system\_ide\scripts\debugger_flappy_bird-default.tcl'
13:20:28 INFO  : Disconnected from the channel tcfchan#1.
