19:18:22 DEBUG : Logs will be stored at 'C:/Users/austi/OneDrive/Desktop/385Labs/lab6/lab6/accumWorkspace/IDE.log'.
19:18:25 INFO  : Launching XSCT server: xsct.bat -n  -interactive C:\Users\austi\OneDrive\Desktop\385Labs\lab6\lab6\accumWorkspace\temp_xsdb_launch_script.tcl
19:18:25 INFO  : Platform repository initialization has completed.
19:18:25 INFO  : Registering command handlers for Vitis TCF services
19:18:27 INFO  : XSCT server has started successfully.
19:18:27 INFO  : Successfully done setting XSCT server connection channel  
19:18:27 INFO  : plnx-install-location is set to ''
19:18:27 INFO  : Successfully done setting workspace for the tool. 
19:18:27 INFO  : Successfully done query RDI_DATADIR 
19:19:07 INFO  : Result from executing command 'getProjects': mb_intro_top
19:19:07 INFO  : Result from executing command 'getPlatforms': 
19:19:07 WARN  : An unexpected exception occurred in the module 'platform project logging'
19:19:07 INFO  : Platform 'mb_intro_top' is added to custom repositories.
19:19:09 INFO  : Platform 'mb_intro_top' is added to custom repositories.
19:21:15 INFO  : Result from executing command 'getProjects': mb_intro_top
19:21:15 INFO  : Result from executing command 'getPlatforms': mb_intro_top|C:/Users/austi/OneDrive/Desktop/385Labs/lab6/lab6/accumWorkspace/mb_intro_top/export/mb_intro_top/mb_intro_top.xpfm
19:21:15 INFO  : Checking for BSP changes to sync application flags for project 'Accum'...
19:21:27 INFO  : Connected to target on host '127.0.0.1' and port '3121'.
19:21:28 INFO  : Jtag cable 'RealDigital Boo 8874292300B3A' is selected.
19:21:28 INFO  : 'jtag frequency' command is executed.
19:21:28 INFO  : 'targets -set -filter {jtag_cable_name =~ "RealDigital Boo 8874292300B3A" && level==0 && jtag_device_ctx=="jsn1-0362f093-0"}' command is executed.
19:21:29 INFO  : Device configured successfully with "C:/Users/austi/OneDrive/Desktop/385Labs/lab6/lab6/accumWorkspace/Accum/_ide/bitstream/mb_intro_top.bit"
19:21:29 INFO  : Context for processor 'microblaze_0' is selected.
19:21:29 INFO  : Hardware design and registers information is loaded from 'C:/Users/austi/OneDrive/Desktop/385Labs/lab6/lab6/accumWorkspace/mb_intro_top/export/mb_intro_top/hw/mb_intro_top.xsa'.
19:21:29 INFO  : 'configparams mdm-detect-bscan-mask 2' command is executed.
19:21:29 INFO  : Context for processor 'microblaze_0' is selected.
19:21:29 INFO  : System reset is completed.
19:21:32 INFO  : 'after 3000' command is executed.
19:21:32 INFO  : Context for processor 'microblaze_0' is selected.
19:21:32 INFO  : The application 'C:/Users/austi/OneDrive/Desktop/385Labs/lab6/lab6/accumWorkspace/Accum/Debug/Accum.elf' is downloaded to processor 'microblaze_0'.
19:21:32 INFO  : ----------------XSDB Script----------------
connect -url tcp:127.0.0.1:3121
targets -set -filter {jtag_cable_name =~ "RealDigital Boo 8874292300B3A" && level==0 && jtag_device_ctx=="jsn1-0362f093-0"}
fpga -file C:/Users/austi/OneDrive/Desktop/385Labs/lab6/lab6/accumWorkspace/Accum/_ide/bitstream/mb_intro_top.bit
targets -set -nocase -filter {name =~ "*microblaze*#0" && bscan=="USER2" }
loadhw -hw C:/Users/austi/OneDrive/Desktop/385Labs/lab6/lab6/accumWorkspace/mb_intro_top/export/mb_intro_top/hw/mb_intro_top.xsa -regs
configparams mdm-detect-bscan-mask 2
targets -set -nocase -filter {name =~ "*microblaze*#0" && bscan=="USER2" }
rst -system
after 3000
targets -set -nocase -filter {name =~ "*microblaze*#0" && bscan=="USER2" }
dow C:/Users/austi/OneDrive/Desktop/385Labs/lab6/lab6/accumWorkspace/Accum/Debug/Accum.elf
----------------End of Script----------------

19:21:33 INFO  : Context for processor 'microblaze_0' is selected.
19:21:33 INFO  : 'con' command is executed.
19:21:33 INFO  : ----------------XSDB Script (After Launch)----------------
targets -set -nocase -filter {name =~ "*microblaze*#0" && bscan=="USER2" }
con
----------------End of Script----------------

19:21:33 INFO  : Launch script is exported to file 'C:\Users\austi\OneDrive\Desktop\385Labs\lab6\lab6\accumWorkspace\Accum_system\_ide\scripts\debugger_accum-default.tcl'
19:24:09 INFO  : Result from executing command 'removePlatformRepo': 
19:24:21 INFO  : Result from executing command 'getProjects': mb_intro_top
19:24:21 INFO  : Result from executing command 'getPlatforms': 
19:24:22 INFO  : Checking for BSP changes to sync application flags for project 'Accum'...
19:24:54 INFO  : Checking for BSP changes to sync application flags for project 'Accum'...
19:25:11 INFO  : Disconnected from the channel tcfchan#2.
19:25:12 INFO  : Connected to target on host '127.0.0.1' and port '3121'.
19:25:21 INFO  : ----------------XSDB Script----------------
connect -url tcp:127.0.0.1:3121
----------------End of Script----------------

19:25:21 ERROR : Could not find FPGA device on the board for connection 'Local'.


Troubleshooting hints:
1. Check whether board is connected to system properly.
2. In case of zynq board, check whether Digilent/Xilinx cable switch settings are correct.
3. If you are using Xilinx Platform Cable USB, ensure that status LED is green.
19:25:53 INFO  : Connected to target on host '127.0.0.1' and port '3121'.
19:25:53 INFO  : Jtag cable 'RealDigital Boo 8874292300B3A' is selected.
19:25:53 INFO  : 'jtag frequency' command is executed.
19:25:54 INFO  : 'targets -set -filter {jtag_cable_name =~ "RealDigital Boo 8874292300B3A" && level==0 && jtag_device_ctx=="jsn1-0362f093-0"}' command is executed.
19:25:55 INFO  : Device configured successfully with "C:/Users/austi/OneDrive/Desktop/385Labs/lab6/lab6/accumWorkspace/Accum/_ide/bitstream/mb_intro_top.bit"
19:25:55 INFO  : Context for processor 'microblaze_0' is selected.
19:25:55 INFO  : Hardware design and registers information is loaded from 'C:/Users/austi/OneDrive/Desktop/385Labs/lab6/lab6/accumWorkspace/mb_intro_top/export/mb_intro_top/hw/mb_intro_top.xsa'.
19:25:55 INFO  : 'configparams mdm-detect-bscan-mask 2' command is executed.
19:25:55 INFO  : Context for processor 'microblaze_0' is selected.
19:25:55 INFO  : System reset is completed.
19:25:58 INFO  : 'after 3000' command is executed.
19:25:58 INFO  : Context for processor 'microblaze_0' is selected.
19:25:58 INFO  : The application 'C:/Users/austi/OneDrive/Desktop/385Labs/lab6/lab6/accumWorkspace/Accum/Debug/Accum.elf' is downloaded to processor 'microblaze_0'.
19:25:58 INFO  : ----------------XSDB Script----------------
connect -url tcp:127.0.0.1:3121
targets -set -filter {jtag_cable_name =~ "RealDigital Boo 8874292300B3A" && level==0 && jtag_device_ctx=="jsn1-0362f093-0"}
fpga -file C:/Users/austi/OneDrive/Desktop/385Labs/lab6/lab6/accumWorkspace/Accum/_ide/bitstream/mb_intro_top.bit
targets -set -nocase -filter {name =~ "*microblaze*#0" && bscan=="USER2" }
loadhw -hw C:/Users/austi/OneDrive/Desktop/385Labs/lab6/lab6/accumWorkspace/mb_intro_top/export/mb_intro_top/hw/mb_intro_top.xsa -regs
configparams mdm-detect-bscan-mask 2
targets -set -nocase -filter {name =~ "*microblaze*#0" && bscan=="USER2" }
rst -system
after 3000
targets -set -nocase -filter {name =~ "*microblaze*#0" && bscan=="USER2" }
dow C:/Users/austi/OneDrive/Desktop/385Labs/lab6/lab6/accumWorkspace/Accum/Debug/Accum.elf
----------------End of Script----------------

19:25:58 INFO  : Context for processor 'microblaze_0' is selected.
19:25:58 INFO  : 'con' command is executed.
19:25:58 INFO  : ----------------XSDB Script (After Launch)----------------
targets -set -nocase -filter {name =~ "*microblaze*#0" && bscan=="USER2" }
con
----------------End of Script----------------

19:25:58 INFO  : Launch script is exported to file 'C:\Users\austi\OneDrive\Desktop\385Labs\lab6\lab6\accumWorkspace\Accum_system\_ide\scripts\debugger_accum-default_2.tcl'
19:38:13 INFO  : Hardware specification for platform project 'mb_intro_top' is updated.
19:38:22 INFO  : Result from executing command 'removePlatformRepo': 
19:38:44 INFO  : Result from executing command 'getProjects': mb_intro_top
19:38:44 INFO  : Result from executing command 'getPlatforms': 
19:38:44 INFO  : Checking for BSP changes to sync application flags for project 'Accum'...
19:39:13 INFO  : Disconnected from the channel tcfchan#5.
19:39:14 INFO  : The hardware specification used by project 'Accum' is out of sync with the platform. Resource files extracted from the hardware specification will be updated.
19:39:14 INFO  : The file 'C:\Users\austi\OneDrive\Desktop\385Labs\lab6\lab6\accumWorkspace\Accum\_ide\bitstream\mb_intro_top.bit' stored in project is removed.
19:39:14 INFO  : The file 'C:\Users\austi\OneDrive\Desktop\385Labs\lab6\lab6\accumWorkspace\Accum\_ide\bitstream\mb_intro_top.mmi' stored in project is removed.
19:39:14 INFO  : The updated bitstream files are copied from platform to folder 'C:\Users\austi\OneDrive\Desktop\385Labs\lab6\lab6\accumWorkspace\Accum\_ide\bitstream' in project 'Accum'.
19:39:14 INFO  : Connected to target on host '127.0.0.1' and port '3121'.
19:39:23 INFO  : ----------------XSDB Script----------------
connect -url tcp:127.0.0.1:3121
----------------End of Script----------------

19:39:23 ERROR : Could not find FPGA device on the board for connection 'Local'.


Troubleshooting hints:
1. Check whether board is connected to system properly.
2. In case of zynq board, check whether Digilent/Xilinx cable switch settings are correct.
3. If you are using Xilinx Platform Cable USB, ensure that status LED is green.
19:39:31 INFO  : Connected to target on host '127.0.0.1' and port '3121'.
19:39:31 INFO  : Jtag cable 'RealDigital Boo 8874292300B3A' is selected.
19:39:31 INFO  : 'jtag frequency' command is executed.
19:39:31 INFO  : 'targets -set -filter {jtag_cable_name =~ "RealDigital Boo 8874292300B3A" && level==0 && jtag_device_ctx=="jsn1-0362f093-0"}' command is executed.
19:39:33 INFO  : Device configured successfully with "C:/Users/austi/OneDrive/Desktop/385Labs/lab6/lab6/accumWorkspace/Accum/_ide/bitstream/mb_intro_top.bit"
19:39:33 INFO  : Context for processor 'microblaze_0' is selected.
19:39:33 INFO  : Hardware design and registers information is loaded from 'C:/Users/austi/OneDrive/Desktop/385Labs/lab6/lab6/accumWorkspace/mb_intro_top/export/mb_intro_top/hw/mb_intro_top.xsa'.
19:39:33 INFO  : 'configparams mdm-detect-bscan-mask 2' command is executed.
19:39:33 INFO  : Context for processor 'microblaze_0' is selected.
19:39:33 INFO  : System reset is completed.
19:39:36 INFO  : 'after 3000' command is executed.
19:39:36 INFO  : Context for processor 'microblaze_0' is selected.
19:39:36 INFO  : The application 'C:/Users/austi/OneDrive/Desktop/385Labs/lab6/lab6/accumWorkspace/Accum/Debug/Accum.elf' is downloaded to processor 'microblaze_0'.
19:39:36 INFO  : ----------------XSDB Script----------------
connect -url tcp:127.0.0.1:3121
targets -set -filter {jtag_cable_name =~ "RealDigital Boo 8874292300B3A" && level==0 && jtag_device_ctx=="jsn1-0362f093-0"}
fpga -file C:/Users/austi/OneDrive/Desktop/385Labs/lab6/lab6/accumWorkspace/Accum/_ide/bitstream/mb_intro_top.bit
targets -set -nocase -filter {name =~ "*microblaze*#0" && bscan=="USER2" }
loadhw -hw C:/Users/austi/OneDrive/Desktop/385Labs/lab6/lab6/accumWorkspace/mb_intro_top/export/mb_intro_top/hw/mb_intro_top.xsa -regs
configparams mdm-detect-bscan-mask 2
targets -set -nocase -filter {name =~ "*microblaze*#0" && bscan=="USER2" }
rst -system
after 3000
targets -set -nocase -filter {name =~ "*microblaze*#0" && bscan=="USER2" }
dow C:/Users/austi/OneDrive/Desktop/385Labs/lab6/lab6/accumWorkspace/Accum/Debug/Accum.elf
----------------End of Script----------------

19:39:36 INFO  : Context for processor 'microblaze_0' is selected.
19:39:36 INFO  : 'con' command is executed.
19:39:36 INFO  : ----------------XSDB Script (After Launch)----------------
targets -set -nocase -filter {name =~ "*microblaze*#0" && bscan=="USER2" }
con
----------------End of Script----------------

19:39:36 INFO  : Launch script is exported to file 'C:\Users\austi\OneDrive\Desktop\385Labs\lab6\lab6\accumWorkspace\Accum_system\_ide\scripts\debugger_accum-default_3.tcl'
21:30:09 INFO  : Disconnected from the channel tcfchan#8.
12:24:45 DEBUG : Logs will be stored at 'C:/Users/austi/OneDrive/Desktop/385Labs/lab6/lab6/accumWorkspace/IDE.log'.
12:24:45 INFO  : Launching XSCT server: xsct.bat -n  -interactive C:\Users\austi\OneDrive\Desktop\385Labs\lab6\lab6\accumWorkspace\temp_xsdb_launch_script.tcl
12:24:49 INFO  : Registering command handlers for Vitis TCF services
12:24:49 INFO  : Platform repository initialization has completed.
12:24:49 INFO  : XSCT server has started successfully.
12:24:49 INFO  : plnx-install-location is set to ''
12:24:53 INFO  : Successfully done setting XSCT server connection channel  
12:24:53 INFO  : Successfully done query RDI_DATADIR 
12:24:53 INFO  : Successfully done setting workspace for the tool. 
12:25:14 INFO  : Connected to target on host '127.0.0.1' and port '3121'.
12:25:14 INFO  : Jtag cable 'RealDigital Boo 8874292300B3A' is selected.
12:25:14 INFO  : 'jtag frequency' command is executed.
12:25:14 INFO  : 'targets -set -filter {jtag_cable_name =~ "RealDigital Boo 8874292300B3A" && level==0 && jtag_device_ctx=="jsn1-0362f093-0"}' command is executed.
12:25:15 INFO  : Device configured successfully with "C:/Users/austi/OneDrive/Desktop/385Labs/lab6/lab6/accumWorkspace/Accum/_ide/bitstream/mb_intro_top.bit"
12:25:15 INFO  : Context for processor 'microblaze_0' is selected.
12:25:15 INFO  : Hardware design and registers information is loaded from 'C:/Users/austi/OneDrive/Desktop/385Labs/lab6/lab6/accumWorkspace/mb_intro_top/export/mb_intro_top/hw/mb_intro_top.xsa'.
12:25:15 INFO  : 'configparams mdm-detect-bscan-mask 2' command is executed.
12:25:16 INFO  : Context for processor 'microblaze_0' is selected.
12:25:16 INFO  : System reset is completed.
12:25:19 INFO  : 'after 3000' command is executed.
12:25:19 INFO  : Context for processor 'microblaze_0' is selected.
12:25:19 INFO  : The application 'C:/Users/austi/OneDrive/Desktop/385Labs/lab6/lab6/accumWorkspace/Accum/Debug/Accum.elf' is downloaded to processor 'microblaze_0'.
12:25:19 INFO  : ----------------XSDB Script----------------
connect -url tcp:127.0.0.1:3121
targets -set -filter {jtag_cable_name =~ "RealDigital Boo 8874292300B3A" && level==0 && jtag_device_ctx=="jsn1-0362f093-0"}
fpga -file C:/Users/austi/OneDrive/Desktop/385Labs/lab6/lab6/accumWorkspace/Accum/_ide/bitstream/mb_intro_top.bit
targets -set -nocase -filter {name =~ "*microblaze*#0" && bscan=="USER2" }
loadhw -hw C:/Users/austi/OneDrive/Desktop/385Labs/lab6/lab6/accumWorkspace/mb_intro_top/export/mb_intro_top/hw/mb_intro_top.xsa -regs
configparams mdm-detect-bscan-mask 2
targets -set -nocase -filter {name =~ "*microblaze*#0" && bscan=="USER2" }
rst -system
after 3000
targets -set -nocase -filter {name =~ "*microblaze*#0" && bscan=="USER2" }
dow C:/Users/austi/OneDrive/Desktop/385Labs/lab6/lab6/accumWorkspace/Accum/Debug/Accum.elf
----------------End of Script----------------

12:25:19 INFO  : Context for processor 'microblaze_0' is selected.
12:25:19 INFO  : 'con' command is executed.
12:25:19 INFO  : ----------------XSDB Script (After Launch)----------------
targets -set -nocase -filter {name =~ "*microblaze*#0" && bscan=="USER2" }
con
----------------End of Script----------------

12:25:19 INFO  : Launch script is exported to file 'C:\Users\austi\OneDrive\Desktop\385Labs\lab6\lab6\accumWorkspace\Accum_system\_ide\scripts\debugger_accum-default_3.tcl'
13:34:50 INFO  : Result from executing command 'removePlatformRepo': 
13:35:13 INFO  : Result from executing command 'getProjects': mb_intro_top
13:35:13 INFO  : Result from executing command 'getPlatforms': 
13:35:14 INFO  : Checking for BSP changes to sync application flags for project 'Accum'...
13:35:31 INFO  : Disconnected from the channel tcfchan#1.
13:35:32 INFO  : Connected to target on host '127.0.0.1' and port '3121'.
13:35:32 INFO  : Jtag cable 'RealDigital Boo 8874292300B3A' is selected.
13:35:32 INFO  : 'jtag frequency' command is executed.
13:35:32 INFO  : 'targets -set -filter {jtag_cable_name =~ "RealDigital Boo 8874292300B3A" && level==0 && jtag_device_ctx=="jsn1-0362f093-0"}' command is executed.
13:35:34 INFO  : Device configured successfully with "C:/Users/austi/OneDrive/Desktop/385Labs/lab6/lab6/accumWorkspace/Accum/_ide/bitstream/mb_intro_top.bit"
13:35:34 INFO  : Context for processor 'microblaze_0' is selected.
13:35:34 INFO  : Hardware design and registers information is loaded from 'C:/Users/austi/OneDrive/Desktop/385Labs/lab6/lab6/accumWorkspace/mb_intro_top/export/mb_intro_top/hw/mb_intro_top.xsa'.
13:35:34 INFO  : 'configparams mdm-detect-bscan-mask 2' command is executed.
13:35:34 INFO  : Context for processor 'microblaze_0' is selected.
13:35:34 INFO  : System reset is completed.
13:35:37 INFO  : 'after 3000' command is executed.
13:35:37 INFO  : Context for processor 'microblaze_0' is selected.
13:35:37 INFO  : The application 'C:/Users/austi/OneDrive/Desktop/385Labs/lab6/lab6/accumWorkspace/Accum/Debug/Accum.elf' is downloaded to processor 'microblaze_0'.
13:35:37 INFO  : ----------------XSDB Script----------------
connect -url tcp:127.0.0.1:3121
targets -set -filter {jtag_cable_name =~ "RealDigital Boo 8874292300B3A" && level==0 && jtag_device_ctx=="jsn1-0362f093-0"}
fpga -file C:/Users/austi/OneDrive/Desktop/385Labs/lab6/lab6/accumWorkspace/Accum/_ide/bitstream/mb_intro_top.bit
targets -set -nocase -filter {name =~ "*microblaze*#0" && bscan=="USER2" }
loadhw -hw C:/Users/austi/OneDrive/Desktop/385Labs/lab6/lab6/accumWorkspace/mb_intro_top/export/mb_intro_top/hw/mb_intro_top.xsa -regs
configparams mdm-detect-bscan-mask 2
targets -set -nocase -filter {name =~ "*microblaze*#0" && bscan=="USER2" }
rst -system
after 3000
targets -set -nocase -filter {name =~ "*microblaze*#0" && bscan=="USER2" }
dow C:/Users/austi/OneDrive/Desktop/385Labs/lab6/lab6/accumWorkspace/Accum/Debug/Accum.elf
----------------End of Script----------------

13:35:37 INFO  : Context for processor 'microblaze_0' is selected.
13:35:37 INFO  : 'con' command is executed.
13:35:37 INFO  : ----------------XSDB Script (After Launch)----------------
targets -set -nocase -filter {name =~ "*microblaze*#0" && bscan=="USER2" }
con
----------------End of Script----------------

13:35:37 INFO  : Launch script is exported to file 'C:\Users\austi\OneDrive\Desktop\385Labs\lab6\lab6\accumWorkspace\Accum_system\_ide\scripts\debugger_accum-default_4.tcl'
14:01:41 INFO  : Disconnected from the channel tcfchan#4.
14:16:05 DEBUG : Logs will be stored at 'C:/Users/austi/OneDrive/Desktop/385Labs/lab6/lab6/accumWorkspace/IDE.log'.
14:16:06 INFO  : Launching XSCT server: xsct.bat -n  -interactive C:\Users\austi\OneDrive\Desktop\385Labs\lab6\lab6\accumWorkspace\temp_xsdb_launch_script.tcl
14:16:13 INFO  : Platform repository initialization has completed.
14:16:13 INFO  : Registering command handlers for Vitis TCF services
14:16:15 INFO  : XSCT server has started successfully.
14:16:15 INFO  : Successfully done setting XSCT server connection channel  
14:16:15 INFO  : plnx-install-location is set to ''
14:16:23 INFO  : Successfully done setting workspace for the tool. 
14:16:23 INFO  : Successfully done query RDI_DATADIR 
14:16:27 INFO  : Connected to target on host '127.0.0.1' and port '3121'.
14:16:27 INFO  : Jtag cable 'RealDigital Boo 8874292300B3A' is selected.
14:16:27 INFO  : 'jtag frequency' command is executed.
14:16:28 INFO  : 'targets -set -filter {jtag_cable_name =~ "RealDigital Boo 8874292300B3A" && level==0 && jtag_device_ctx=="jsn1-0362f093-0"}' command is executed.
14:16:29 INFO  : Device configured successfully with "C:/Users/austi/OneDrive/Desktop/385Labs/lab6/lab6/accumWorkspace/Accum/_ide/bitstream/mb_intro_top.bit"
14:16:29 INFO  : Context for processor 'microblaze_0' is selected.
14:16:29 INFO  : Hardware design and registers information is loaded from 'C:/Users/austi/OneDrive/Desktop/385Labs/lab6/lab6/accumWorkspace/mb_intro_top/export/mb_intro_top/hw/mb_intro_top.xsa'.
14:16:29 INFO  : 'configparams mdm-detect-bscan-mask 2' command is executed.
14:16:29 INFO  : Context for processor 'microblaze_0' is selected.
14:16:29 INFO  : System reset is completed.
14:16:32 INFO  : 'after 3000' command is executed.
14:16:32 INFO  : Context for processor 'microblaze_0' is selected.
14:16:32 INFO  : The application 'C:/Users/austi/OneDrive/Desktop/385Labs/lab6/lab6/accumWorkspace/Accum/Debug/Accum.elf' is downloaded to processor 'microblaze_0'.
14:16:32 INFO  : ----------------XSDB Script----------------
connect -url tcp:127.0.0.1:3121
targets -set -filter {jtag_cable_name =~ "RealDigital Boo 8874292300B3A" && level==0 && jtag_device_ctx=="jsn1-0362f093-0"}
fpga -file C:/Users/austi/OneDrive/Desktop/385Labs/lab6/lab6/accumWorkspace/Accum/_ide/bitstream/mb_intro_top.bit
targets -set -nocase -filter {name =~ "*microblaze*#0" && bscan=="USER2" }
loadhw -hw C:/Users/austi/OneDrive/Desktop/385Labs/lab6/lab6/accumWorkspace/mb_intro_top/export/mb_intro_top/hw/mb_intro_top.xsa -regs
configparams mdm-detect-bscan-mask 2
targets -set -nocase -filter {name =~ "*microblaze*#0" && bscan=="USER2" }
rst -system
after 3000
targets -set -nocase -filter {name =~ "*microblaze*#0" && bscan=="USER2" }
dow C:/Users/austi/OneDrive/Desktop/385Labs/lab6/lab6/accumWorkspace/Accum/Debug/Accum.elf
----------------End of Script----------------

14:16:33 INFO  : Context for processor 'microblaze_0' is selected.
14:16:33 INFO  : 'con' command is executed.
14:16:33 INFO  : ----------------XSDB Script (After Launch)----------------
targets -set -nocase -filter {name =~ "*microblaze*#0" && bscan=="USER2" }
con
----------------End of Script----------------

14:16:33 INFO  : Launch script is exported to file 'C:\Users\austi\OneDrive\Desktop\385Labs\lab6\lab6\accumWorkspace\Accum_system\_ide\scripts\debugger_accum-default_4.tcl'
14:18:28 INFO  : Disconnected from the channel tcfchan#1.
