16:45:19 DEBUG : Logs will be stored at 'C:/Users/austi/OneDrive/Desktop/385Labs/lab6/lab6/6_2_initial_setup_workspace/IDE.log'.
16:45:24 INFO  : Platform repository initialization has completed.
16:45:24 INFO  : Launching XSCT server: xsct.bat -n  -interactive C:\Users\austi\OneDrive\Desktop\385Labs\lab6\lab6\6_2_initial_setup_workspace\temp_xsdb_launch_script.tcl
16:45:24 INFO  : Registering command handlers for Vitis TCF services
16:45:31 INFO  : XSCT server has started successfully.
16:45:36 INFO  : Successfully done setting XSCT server connection channel  
16:45:36 INFO  : plnx-install-location is set to ''
16:45:36 INFO  : Successfully done query RDI_DATADIR 
16:45:36 INFO  : Successfully done setting workspace for the tool. 
16:46:57 INFO  : Result from executing command 'getProjects': mb_usb_hdmi_top
16:46:57 INFO  : Result from executing command 'getPlatforms': 
16:46:57 WARN  : An unexpected exception occurred in the module 'platform project logging'
16:46:57 INFO  : Platform 'mb_usb_hdmi_top' is added to custom repositories.
16:47:01 INFO  : Platform 'mb_usb_hdmi_top' is added to custom repositories.
19:04:28 DEBUG : Logs will be stored at 'C:/Users/austi/OneDrive/Desktop/385Labs/lab6/lab6/6_2_initial_setup_workspace/IDE.log'.
19:04:29 INFO  : Launching XSCT server: xsct.bat -n  -interactive C:\Users\austi\OneDrive\Desktop\385Labs\lab6\lab6\6_2_initial_setup_workspace\temp_xsdb_launch_script.tcl
19:04:32 INFO  : Platform repository initialization has completed.
19:04:32 INFO  : Registering command handlers for Vitis TCF services
19:04:33 INFO  : XSCT server has started successfully.
19:04:37 INFO  : plnx-install-location is set to ''
19:04:37 INFO  : Successfully done setting XSCT server connection channel  
19:04:37 INFO  : Successfully done query RDI_DATADIR 
19:04:37 INFO  : Successfully done setting workspace for the tool. 
19:19:17 INFO  : Hardware specification for platform project 'mb_usb_hdmi_top' is updated.
19:40:57 INFO  : Result from executing command 'removePlatformRepo': 
19:41:06 INFO  : Result from executing command 'getProjects': mb_usb_hdmi_top
19:41:06 INFO  : Result from executing command 'getPlatforms': 
19:41:06 INFO  : Checking for BSP changes to sync application flags for project '6_2_initial_setup'...
19:43:57 INFO  : Result from executing command 'removePlatformRepo': 
19:44:03 INFO  : Result from executing command 'getProjects': mb_usb_hdmi_top
19:44:03 INFO  : Result from executing command 'getPlatforms': 
19:44:03 INFO  : Checking for BSP changes to sync application flags for project '6_2_initial_setup'...
19:44:48 INFO  : The hardware specification used by project '6_2_initial_setup' is out of sync with the platform. Resource files extracted from the hardware specification will be updated.
19:44:48 INFO  : The file 'C:\Users\austi\OneDrive\Desktop\385Labs\lab6\lab6\6_2_initial_setup_workspace\6_2_initial_setup\_ide\bitstream\mb_usb_hdmi_top.bit' stored in project is removed.
19:44:48 INFO  : The file 'C:\Users\austi\OneDrive\Desktop\385Labs\lab6\lab6\6_2_initial_setup_workspace\6_2_initial_setup\_ide\bitstream\mb_usb_hdmi_top.mmi' stored in project is removed.
19:44:48 INFO  : The updated bitstream files are copied from platform to folder 'C:\Users\austi\OneDrive\Desktop\385Labs\lab6\lab6\6_2_initial_setup_workspace\6_2_initial_setup\_ide\bitstream' in project '6_2_initial_setup'.
19:44:51 INFO  : Connected to target on host '127.0.0.1' and port '3121'.
19:44:51 INFO  : Jtag cable 'RealDigital Boo 8874292300B3A' is selected.
19:44:51 INFO  : 'jtag frequency' command is executed.
19:44:51 INFO  : 'targets -set -filter {jtag_cable_name =~ "RealDigital Boo 8874292300B3A" && level==0 && jtag_device_ctx=="jsn1-0362f093-0"}' command is executed.
19:44:52 INFO  : Device configured successfully with "C:/Users/austi/OneDrive/Desktop/385Labs/lab6/lab6/6_2_initial_setup_workspace/6_2_initial_setup/_ide/bitstream/mb_usb_hdmi_top.bit"
19:44:53 INFO  : Context for processor 'microblaze_0' is selected.
19:44:53 INFO  : Hardware design and registers information is loaded from 'C:/Users/austi/OneDrive/Desktop/385Labs/lab6/lab6/6_2_initial_setup_workspace/mb_usb_hdmi_top/export/mb_usb_hdmi_top/hw/mb_usb_hdmi_top.xsa'.
19:44:53 INFO  : 'configparams mdm-detect-bscan-mask 2' command is executed.
19:44:53 INFO  : Context for processor 'microblaze_0' is selected.
19:44:53 INFO  : System reset is completed.
19:44:56 INFO  : 'after 3000' command is executed.
19:44:56 INFO  : Context for processor 'microblaze_0' is selected.
19:44:56 INFO  : The application 'C:/Users/austi/OneDrive/Desktop/385Labs/lab6/lab6/6_2_initial_setup_workspace/6_2_initial_setup/Debug/6_2_initial_setup.elf' is downloaded to processor 'microblaze_0'.
19:44:56 INFO  : ----------------XSDB Script----------------
connect -url tcp:127.0.0.1:3121
targets -set -filter {jtag_cable_name =~ "RealDigital Boo 8874292300B3A" && level==0 && jtag_device_ctx=="jsn1-0362f093-0"}
fpga -file C:/Users/austi/OneDrive/Desktop/385Labs/lab6/lab6/6_2_initial_setup_workspace/6_2_initial_setup/_ide/bitstream/mb_usb_hdmi_top.bit
targets -set -nocase -filter {name =~ "*microblaze*#0" && bscan=="USER2" }
loadhw -hw C:/Users/austi/OneDrive/Desktop/385Labs/lab6/lab6/6_2_initial_setup_workspace/mb_usb_hdmi_top/export/mb_usb_hdmi_top/hw/mb_usb_hdmi_top.xsa -regs
configparams mdm-detect-bscan-mask 2
targets -set -nocase -filter {name =~ "*microblaze*#0" && bscan=="USER2" }
rst -system
after 3000
targets -set -nocase -filter {name =~ "*microblaze*#0" && bscan=="USER2" }
dow C:/Users/austi/OneDrive/Desktop/385Labs/lab6/lab6/6_2_initial_setup_workspace/6_2_initial_setup/Debug/6_2_initial_setup.elf
----------------End of Script----------------

19:44:56 INFO  : Context for processor 'microblaze_0' is selected.
19:44:56 INFO  : 'con' command is executed.
19:44:56 INFO  : ----------------XSDB Script (After Launch)----------------
targets -set -nocase -filter {name =~ "*microblaze*#0" && bscan=="USER2" }
con
----------------End of Script----------------

19:44:56 INFO  : Launch script is exported to file 'C:\Users\austi\OneDrive\Desktop\385Labs\lab6\lab6\6_2_initial_setup_workspace\6_2_initial_setup_system\_ide\scripts\debugger_6_2_initial_setup-default.tcl'
19:58:34 INFO  : Hardware specification for platform project 'mb_usb_hdmi_top' is updated.
19:58:43 INFO  : Result from executing command 'removePlatformRepo': 
19:58:51 INFO  : Result from executing command 'getProjects': mb_usb_hdmi_top
19:58:51 INFO  : Result from executing command 'getPlatforms': 
19:59:25 INFO  : Disconnected from the channel tcfchan#5.
20:00:50 INFO  : Checking for BSP changes to sync application flags for project '6_2_initial_setup'...
20:00:52 INFO  : The hardware specification used by project '6_2_initial_setup' is out of sync with the platform. Resource files extracted from the hardware specification will be updated.
20:00:52 INFO  : The file 'C:\Users\austi\OneDrive\Desktop\385Labs\lab6\lab6\6_2_initial_setup_workspace\6_2_initial_setup\_ide\bitstream\mb_usb_hdmi_top.bit' stored in project is removed.
20:00:52 INFO  : The file 'C:\Users\austi\OneDrive\Desktop\385Labs\lab6\lab6\6_2_initial_setup_workspace\6_2_initial_setup\_ide\bitstream\mb_usb_hdmi_top.mmi' stored in project is removed.
20:00:52 INFO  : The updated bitstream files are copied from platform to folder 'C:\Users\austi\OneDrive\Desktop\385Labs\lab6\lab6\6_2_initial_setup_workspace\6_2_initial_setup\_ide\bitstream' in project '6_2_initial_setup'.
20:01:00 INFO  : Connected to target on host '127.0.0.1' and port '3121'.
20:01:00 INFO  : Jtag cable 'RealDigital Boo 8874292300B3A' is selected.
20:01:00 INFO  : 'jtag frequency' command is executed.
20:01:00 INFO  : 'targets -set -filter {jtag_cable_name =~ "RealDigital Boo 8874292300B3A" && level==0 && jtag_device_ctx=="jsn1-0362f093-0"}' command is executed.
20:01:01 INFO  : Device configured successfully with "C:/Users/austi/OneDrive/Desktop/385Labs/lab6/lab6/6_2_initial_setup_workspace/6_2_initial_setup/_ide/bitstream/mb_usb_hdmi_top.bit"
20:01:01 INFO  : Context for processor 'microblaze_0' is selected.
20:01:01 INFO  : Hardware design and registers information is loaded from 'C:/Users/austi/OneDrive/Desktop/385Labs/lab6/lab6/6_2_initial_setup_workspace/mb_usb_hdmi_top/export/mb_usb_hdmi_top/hw/mb_usb_hdmi_top.xsa'.
20:01:01 INFO  : 'configparams mdm-detect-bscan-mask 2' command is executed.
20:01:01 INFO  : Context for processor 'microblaze_0' is selected.
20:01:01 INFO  : System reset is completed.
20:01:04 INFO  : 'after 3000' command is executed.
20:01:04 INFO  : Context for processor 'microblaze_0' is selected.
20:01:05 INFO  : The application 'C:/Users/austi/OneDrive/Desktop/385Labs/lab6/lab6/6_2_initial_setup_workspace/6_2_initial_setup/Debug/6_2_initial_setup.elf' is downloaded to processor 'microblaze_0'.
20:01:05 INFO  : ----------------XSDB Script----------------
connect -url tcp:127.0.0.1:3121
targets -set -filter {jtag_cable_name =~ "RealDigital Boo 8874292300B3A" && level==0 && jtag_device_ctx=="jsn1-0362f093-0"}
fpga -file C:/Users/austi/OneDrive/Desktop/385Labs/lab6/lab6/6_2_initial_setup_workspace/6_2_initial_setup/_ide/bitstream/mb_usb_hdmi_top.bit
targets -set -nocase -filter {name =~ "*microblaze*#0" && bscan=="USER2" }
loadhw -hw C:/Users/austi/OneDrive/Desktop/385Labs/lab6/lab6/6_2_initial_setup_workspace/mb_usb_hdmi_top/export/mb_usb_hdmi_top/hw/mb_usb_hdmi_top.xsa -regs
configparams mdm-detect-bscan-mask 2
targets -set -nocase -filter {name =~ "*microblaze*#0" && bscan=="USER2" }
rst -system
after 3000
targets -set -nocase -filter {name =~ "*microblaze*#0" && bscan=="USER2" }
dow C:/Users/austi/OneDrive/Desktop/385Labs/lab6/lab6/6_2_initial_setup_workspace/6_2_initial_setup/Debug/6_2_initial_setup.elf
----------------End of Script----------------

20:01:05 INFO  : Context for processor 'microblaze_0' is selected.
20:01:05 INFO  : 'con' command is executed.
20:01:05 INFO  : ----------------XSDB Script (After Launch)----------------
targets -set -nocase -filter {name =~ "*microblaze*#0" && bscan=="USER2" }
con
----------------End of Script----------------

20:01:05 INFO  : Launch script is exported to file 'C:\Users\austi\OneDrive\Desktop\385Labs\lab6\lab6\6_2_initial_setup_workspace\6_2_initial_setup_system\_ide\scripts\debugger_6_2_initial_setup-default.tcl'
21:43:40 INFO  : Disconnected from the channel tcfchan#8.
13:21:37 DEBUG : Logs will be stored at 'C:/Users/austi/OneDrive/Desktop/385Labs/lab6/lab6/6_2_initial_setup_workspace/IDE.log'.
13:21:37 INFO  : Launching XSCT server: xsct.bat -n  -interactive C:\Users\austi\OneDrive\Desktop\385Labs\lab6\lab6\6_2_initial_setup_workspace\temp_xsdb_launch_script.tcl
13:21:41 INFO  : Platform repository initialization has completed.
13:21:41 INFO  : Registering command handlers for Vitis TCF services
13:21:42 INFO  : XSCT server has started successfully.
13:21:42 INFO  : Successfully done setting XSCT server connection channel  
13:21:45 INFO  : plnx-install-location is set to ''
13:21:45 INFO  : Successfully done setting workspace for the tool. 
13:21:45 INFO  : Successfully done query RDI_DATADIR 
13:22:20 INFO  : Connected to target on host '127.0.0.1' and port '3121'.
13:22:20 INFO  : Jtag cable 'RealDigital Boo 8874292300B3A' is selected.
13:22:20 INFO  : 'jtag frequency' command is executed.
13:22:20 INFO  : 'targets -set -filter {jtag_cable_name =~ "RealDigital Boo 8874292300B3A" && level==0 && jtag_device_ctx=="jsn1-0362f093-0"}' command is executed.
13:22:21 INFO  : Device configured successfully with "C:/Users/austi/OneDrive/Desktop/385Labs/lab6/lab6/6_2_initial_setup_workspace/6_2_initial_setup/_ide/bitstream/mb_usb_hdmi_top.bit"
13:22:22 INFO  : Context for processor 'microblaze_0' is selected.
13:22:22 INFO  : Hardware design and registers information is loaded from 'C:/Users/austi/OneDrive/Desktop/385Labs/lab6/lab6/6_2_initial_setup_workspace/mb_usb_hdmi_top/export/mb_usb_hdmi_top/hw/mb_usb_hdmi_top.xsa'.
13:22:22 INFO  : 'configparams mdm-detect-bscan-mask 2' command is executed.
13:22:22 INFO  : Context for processor 'microblaze_0' is selected.
13:22:22 INFO  : System reset is completed.
13:22:25 INFO  : 'after 3000' command is executed.
13:22:25 INFO  : Context for processor 'microblaze_0' is selected.
13:22:25 INFO  : The application 'C:/Users/austi/OneDrive/Desktop/385Labs/lab6/lab6/6_2_initial_setup_workspace/6_2_initial_setup/Debug/6_2_initial_setup.elf' is downloaded to processor 'microblaze_0'.
13:22:25 INFO  : ----------------XSDB Script----------------
connect -url tcp:127.0.0.1:3121
targets -set -filter {jtag_cable_name =~ "RealDigital Boo 8874292300B3A" && level==0 && jtag_device_ctx=="jsn1-0362f093-0"}
fpga -file C:/Users/austi/OneDrive/Desktop/385Labs/lab6/lab6/6_2_initial_setup_workspace/6_2_initial_setup/_ide/bitstream/mb_usb_hdmi_top.bit
targets -set -nocase -filter {name =~ "*microblaze*#0" && bscan=="USER2" }
loadhw -hw C:/Users/austi/OneDrive/Desktop/385Labs/lab6/lab6/6_2_initial_setup_workspace/mb_usb_hdmi_top/export/mb_usb_hdmi_top/hw/mb_usb_hdmi_top.xsa -regs
configparams mdm-detect-bscan-mask 2
targets -set -nocase -filter {name =~ "*microblaze*#0" && bscan=="USER2" }
rst -system
after 3000
targets -set -nocase -filter {name =~ "*microblaze*#0" && bscan=="USER2" }
dow C:/Users/austi/OneDrive/Desktop/385Labs/lab6/lab6/6_2_initial_setup_workspace/6_2_initial_setup/Debug/6_2_initial_setup.elf
----------------End of Script----------------

13:22:25 INFO  : Context for processor 'microblaze_0' is selected.
13:22:25 INFO  : 'con' command is executed.
13:22:25 INFO  : ----------------XSDB Script (After Launch)----------------
targets -set -nocase -filter {name =~ "*microblaze*#0" && bscan=="USER2" }
con
----------------End of Script----------------

13:22:25 INFO  : Launch script is exported to file 'C:\Users\austi\OneDrive\Desktop\385Labs\lab6\lab6\6_2_initial_setup_workspace\6_2_initial_setup_system\_ide\scripts\debugger_6_2_initial_setup-default.tcl'
13:24:19 INFO  : Disconnected from the channel tcfchan#1.
13:25:48 DEBUG : Logs will be stored at 'C:/Users/austi/OneDrive/Desktop/385Labs/lab6/lab6/6_2_initial_setup_workspace/IDE.log'.
13:25:49 INFO  : Launching XSCT server: xsct.bat -n  -interactive C:\Users\austi\OneDrive\Desktop\385Labs\lab6\lab6\6_2_initial_setup_workspace\temp_xsdb_launch_script.tcl
13:25:52 INFO  : XSCT server has started successfully.
13:25:52 INFO  : plnx-install-location is set to ''
13:25:52 INFO  : Successfully done setting XSCT server connection channel  
13:25:52 INFO  : Successfully done setting workspace for the tool. 
13:25:52 INFO  : Platform repository initialization has completed.
13:25:52 INFO  : Successfully done query RDI_DATADIR 
13:25:53 INFO  : Registering command handlers for Vitis TCF services
13:26:02 INFO  : Connected to target on host '127.0.0.1' and port '3121'.
13:26:03 INFO  : Jtag cable 'RealDigital Boo 8874292300B3A' is selected.
13:26:03 INFO  : 'jtag frequency' command is executed.
13:26:03 INFO  : 'targets -set -filter {jtag_cable_name =~ "RealDigital Boo 8874292300B3A" && level==0 && jtag_device_ctx=="jsn1-0362f093-0"}' command is executed.
13:26:04 INFO  : Device configured successfully with "C:/Users/austi/OneDrive/Desktop/385Labs/lab6/lab6/6_2_initial_setup_workspace/6_2_initial_setup/_ide/bitstream/mb_usb_hdmi_top.bit"
13:26:04 INFO  : Context for processor 'microblaze_0' is selected.
13:26:04 INFO  : Hardware design and registers information is loaded from 'C:/Users/austi/OneDrive/Desktop/385Labs/lab6/lab6/6_2_initial_setup_workspace/mb_usb_hdmi_top/export/mb_usb_hdmi_top/hw/mb_usb_hdmi_top.xsa'.
13:26:04 INFO  : 'configparams mdm-detect-bscan-mask 2' command is executed.
13:26:04 INFO  : Context for processor 'microblaze_0' is selected.
13:26:04 INFO  : System reset is completed.
13:26:07 INFO  : 'after 3000' command is executed.
13:26:07 INFO  : Context for processor 'microblaze_0' is selected.
13:26:07 INFO  : The application 'C:/Users/austi/OneDrive/Desktop/385Labs/lab6/lab6/6_2_initial_setup_workspace/6_2_initial_setup/Debug/6_2_initial_setup.elf' is downloaded to processor 'microblaze_0'.
13:26:07 INFO  : ----------------XSDB Script----------------
connect -url tcp:127.0.0.1:3121
targets -set -filter {jtag_cable_name =~ "RealDigital Boo 8874292300B3A" && level==0 && jtag_device_ctx=="jsn1-0362f093-0"}
fpga -file C:/Users/austi/OneDrive/Desktop/385Labs/lab6/lab6/6_2_initial_setup_workspace/6_2_initial_setup/_ide/bitstream/mb_usb_hdmi_top.bit
targets -set -nocase -filter {name =~ "*microblaze*#0" && bscan=="USER2" }
loadhw -hw C:/Users/austi/OneDrive/Desktop/385Labs/lab6/lab6/6_2_initial_setup_workspace/mb_usb_hdmi_top/export/mb_usb_hdmi_top/hw/mb_usb_hdmi_top.xsa -regs
configparams mdm-detect-bscan-mask 2
targets -set -nocase -filter {name =~ "*microblaze*#0" && bscan=="USER2" }
rst -system
after 3000
targets -set -nocase -filter {name =~ "*microblaze*#0" && bscan=="USER2" }
dow C:/Users/austi/OneDrive/Desktop/385Labs/lab6/lab6/6_2_initial_setup_workspace/6_2_initial_setup/Debug/6_2_initial_setup.elf
----------------End of Script----------------

13:26:08 INFO  : Context for processor 'microblaze_0' is selected.
13:26:08 INFO  : 'con' command is executed.
13:26:08 INFO  : ----------------XSDB Script (After Launch)----------------
targets -set -nocase -filter {name =~ "*microblaze*#0" && bscan=="USER2" }
con
----------------End of Script----------------

13:26:08 INFO  : Launch script is exported to file 'C:\Users\austi\OneDrive\Desktop\385Labs\lab6\lab6\6_2_initial_setup_workspace\6_2_initial_setup_system\_ide\scripts\debugger_6_2_initial_setup-default.tcl'
13:57:40 INFO  : Disconnected from the channel tcfchan#1.
14:20:58 DEBUG : Logs will be stored at 'C:/Users/austi/OneDrive/Desktop/385Labs/lab6/lab6/6_2_initial_setup_workspace/IDE.log'.
14:20:59 INFO  : Launching XSCT server: xsct.bat -n  -interactive C:\Users\austi\OneDrive\Desktop\385Labs\lab6\lab6\6_2_initial_setup_workspace\temp_xsdb_launch_script.tcl
14:21:05 INFO  : Platform repository initialization has completed.
14:21:06 INFO  : Registering command handlers for Vitis TCF services
14:21:07 INFO  : XSCT server has started successfully.
14:21:15 INFO  : plnx-install-location is set to ''
14:21:15 INFO  : Successfully done setting XSCT server connection channel  
14:21:15 INFO  : Successfully done query RDI_DATADIR 
14:21:15 INFO  : Successfully done setting workspace for the tool. 
14:21:18 INFO  : Connected to target on host '127.0.0.1' and port '3121'.
14:21:37 INFO  : ----------------XSDB Script----------------
connect -url tcp:127.0.0.1:3121
----------------End of Script----------------

14:21:37 ERROR : Could not find FPGA device on the board for connection 'Local'.


Troubleshooting hints:
1. Check whether board is connected to system properly.
2. In case of zynq board, check whether Digilent/Xilinx cable switch settings are correct.
3. If you are using Xilinx Platform Cable USB, ensure that status LED is green.
14:21:45 INFO  : Connected to target on host '127.0.0.1' and port '3121'.
14:21:46 INFO  : Jtag cable 'RealDigital Boo 8874292300B3A' is selected.
14:21:46 INFO  : 'jtag frequency' command is executed.
14:21:46 INFO  : 'targets -set -filter {jtag_cable_name =~ "RealDigital Boo 8874292300B3A" && level==0 && jtag_device_ctx=="jsn1-0362f093-0"}' command is executed.
14:21:47 INFO  : Device configured successfully with "C:/Users/austi/OneDrive/Desktop/385Labs/lab6/lab6/6_2_initial_setup_workspace/6_2_initial_setup/_ide/bitstream/mb_usb_hdmi_top.bit"
14:21:47 INFO  : Context for processor 'microblaze_0' is selected.
14:21:48 INFO  : Hardware design and registers information is loaded from 'C:/Users/austi/OneDrive/Desktop/385Labs/lab6/lab6/6_2_initial_setup_workspace/mb_usb_hdmi_top/export/mb_usb_hdmi_top/hw/mb_usb_hdmi_top.xsa'.
14:21:48 INFO  : 'configparams mdm-detect-bscan-mask 2' command is executed.
14:21:48 INFO  : Context for processor 'microblaze_0' is selected.
14:21:48 INFO  : System reset is completed.
14:21:51 INFO  : 'after 3000' command is executed.
14:21:51 INFO  : Context for processor 'microblaze_0' is selected.
14:21:51 INFO  : The application 'C:/Users/austi/OneDrive/Desktop/385Labs/lab6/lab6/6_2_initial_setup_workspace/6_2_initial_setup/Debug/6_2_initial_setup.elf' is downloaded to processor 'microblaze_0'.
14:21:51 INFO  : ----------------XSDB Script----------------
connect -url tcp:127.0.0.1:3121
targets -set -filter {jtag_cable_name =~ "RealDigital Boo 8874292300B3A" && level==0 && jtag_device_ctx=="jsn1-0362f093-0"}
fpga -file C:/Users/austi/OneDrive/Desktop/385Labs/lab6/lab6/6_2_initial_setup_workspace/6_2_initial_setup/_ide/bitstream/mb_usb_hdmi_top.bit
targets -set -nocase -filter {name =~ "*microblaze*#0" && bscan=="USER2" }
loadhw -hw C:/Users/austi/OneDrive/Desktop/385Labs/lab6/lab6/6_2_initial_setup_workspace/mb_usb_hdmi_top/export/mb_usb_hdmi_top/hw/mb_usb_hdmi_top.xsa -regs
configparams mdm-detect-bscan-mask 2
targets -set -nocase -filter {name =~ "*microblaze*#0" && bscan=="USER2" }
rst -system
after 3000
targets -set -nocase -filter {name =~ "*microblaze*#0" && bscan=="USER2" }
dow C:/Users/austi/OneDrive/Desktop/385Labs/lab6/lab6/6_2_initial_setup_workspace/6_2_initial_setup/Debug/6_2_initial_setup.elf
----------------End of Script----------------

14:21:51 INFO  : Context for processor 'microblaze_0' is selected.
14:21:51 INFO  : 'con' command is executed.
14:21:51 INFO  : ----------------XSDB Script (After Launch)----------------
targets -set -nocase -filter {name =~ "*microblaze*#0" && bscan=="USER2" }
con
----------------End of Script----------------

14:21:51 INFO  : Launch script is exported to file 'C:\Users\austi\OneDrive\Desktop\385Labs\lab6\lab6\6_2_initial_setup_workspace\6_2_initial_setup_system\_ide\scripts\debugger_6_2_initial_setup-default.tcl'
14:22:45 INFO  : Disconnected from the channel tcfchan#1.
