16:54:32 DEBUG : Logs will be stored at 'C:/Users/austi/OneDrive/Desktop/385Labs/lab6/lab6/workspace/IDE.log'.
16:54:35 INFO  : Launching XSCT server: xsct.bat -n  -interactive C:\Users\austi\OneDrive\Desktop\385Labs\lab6\lab6\workspace\temp_xsdb_launch_script.tcl
16:54:35 INFO  : Platform repository initialization has completed.
16:54:35 INFO  : Registering command handlers for Vitis TCF services
16:54:39 INFO  : XSCT server has started successfully.
16:54:41 INFO  : plnx-install-location is set to ''
16:54:41 INFO  : Successfully done setting XSCT server connection channel  
16:54:41 INFO  : Successfully done query RDI_DATADIR 
16:54:41 INFO  : Successfully done setting workspace for the tool. 
16:59:41 INFO  : Result from executing command 'getProjects': mb_intro_top
16:59:41 INFO  : Result from executing command 'getPlatforms': 
16:59:41 WARN  : An unexpected exception occurred in the module 'platform project logging'
16:59:42 INFO  : Platform 'mb_intro_top' is added to custom repositories.
16:59:43 INFO  : Platform 'mb_intro_top' is added to custom repositories.
17:22:47 INFO  : Result from executing command 'getProjects': mb_intro_top
17:22:47 INFO  : Result from executing command 'getPlatforms': 
17:22:47 INFO  : Checking for BSP changes to sync application flags for project 'mb_blink'...
17:23:35 INFO  : Checking for BSP changes to sync application flags for project 'mb_blink'...
18:55:29 DEBUG : Logs will be stored at 'C:/Users/austi/OneDrive/Desktop/385Labs/lab6/lab6/workspace/IDE.log'.
18:55:31 INFO  : Launching XSCT server: xsct.bat -n  -interactive C:\Users\austi\OneDrive\Desktop\385Labs\lab6\lab6\workspace\temp_xsdb_launch_script.tcl
18:55:34 INFO  : XSCT server has started successfully.
18:55:34 INFO  : plnx-install-location is set to ''
18:55:34 INFO  : Platform repository initialization has completed.
18:55:34 INFO  : Registering command handlers for Vitis TCF services
18:55:35 INFO  : Successfully done setting XSCT server connection channel  
18:55:35 INFO  : Successfully done query RDI_DATADIR 
18:55:35 INFO  : Successfully done setting workspace for the tool. 
18:56:10 INFO  : Checking for BSP changes to sync application flags for project 'mb_blink'...
18:57:45 INFO  : Connected to target on host '127.0.0.1' and port '3121'.
18:57:45 INFO  : Jtag cable 'RealDigital Boo 8874292300B3A' is selected.
18:57:45 INFO  : 'jtag frequency' command is executed.
18:57:45 INFO  : 'targets -set -filter {jtag_cable_name =~ "RealDigital Boo 8874292300B3A" && level==0 && jtag_device_ctx=="jsn1-0362f093-0"}' command is executed.
18:57:47 INFO  : Device configured successfully with "C:/Users/austi/OneDrive/Desktop/385Labs/lab6/lab6/workspace/mb_blink/_ide/bitstream/mb_intro_top.bit"
18:57:47 INFO  : Context for processor 'microblaze_0' is selected.
18:57:47 INFO  : Hardware design and registers information is loaded from 'C:/Users/austi/OneDrive/Desktop/385Labs/lab6/lab6/workspace/mb_intro_top/export/mb_intro_top/hw/mb_intro_top.xsa'.
18:57:47 INFO  : 'configparams mdm-detect-bscan-mask 2' command is executed.
18:57:47 INFO  : Context for processor 'microblaze_0' is selected.
18:57:47 INFO  : System reset is completed.
18:57:50 INFO  : 'after 3000' command is executed.
18:57:50 INFO  : Context for processor 'microblaze_0' is selected.
18:57:50 INFO  : The application 'C:/Users/austi/OneDrive/Desktop/385Labs/lab6/lab6/workspace/mb_blink/Debug/mb_blink.elf' is downloaded to processor 'microblaze_0'.
18:57:50 INFO  : ----------------XSDB Script----------------
connect -url tcp:127.0.0.1:3121
targets -set -filter {jtag_cable_name =~ "RealDigital Boo 8874292300B3A" && level==0 && jtag_device_ctx=="jsn1-0362f093-0"}
fpga -file C:/Users/austi/OneDrive/Desktop/385Labs/lab6/lab6/workspace/mb_blink/_ide/bitstream/mb_intro_top.bit
targets -set -nocase -filter {name =~ "*microblaze*#0" && bscan=="USER2" }
loadhw -hw C:/Users/austi/OneDrive/Desktop/385Labs/lab6/lab6/workspace/mb_intro_top/export/mb_intro_top/hw/mb_intro_top.xsa -regs
configparams mdm-detect-bscan-mask 2
targets -set -nocase -filter {name =~ "*microblaze*#0" && bscan=="USER2" }
rst -system
after 3000
targets -set -nocase -filter {name =~ "*microblaze*#0" && bscan=="USER2" }
dow C:/Users/austi/OneDrive/Desktop/385Labs/lab6/lab6/workspace/mb_blink/Debug/mb_blink.elf
----------------End of Script----------------

18:57:50 INFO  : Context for processor 'microblaze_0' is selected.
18:57:50 INFO  : 'con' command is executed.
18:57:50 INFO  : ----------------XSDB Script (After Launch)----------------
targets -set -nocase -filter {name =~ "*microblaze*#0" && bscan=="USER2" }
con
----------------End of Script----------------

18:57:50 INFO  : Launch script is exported to file 'C:\Users\austi\OneDrive\Desktop\385Labs\lab6\lab6\workspace\mb_blink_system\_ide\scripts\debugger_mb_blink-default.tcl'
18:58:09 INFO  : Disconnected from the channel tcfchan#1.
18:58:10 INFO  : Connected to target on host '127.0.0.1' and port '3121'.
18:58:10 INFO  : Jtag cable 'RealDigital Boo 8874292300B3A' is selected.
18:58:10 INFO  : 'jtag frequency' command is executed.
18:58:10 INFO  : 'targets -set -filter {jtag_cable_name =~ "RealDigital Boo 8874292300B3A" && level==0 && jtag_device_ctx=="jsn1-0362f093-0"}' command is executed.
18:58:12 INFO  : Device configured successfully with "C:/Users/austi/OneDrive/Desktop/385Labs/lab6/lab6/workspace/mb_blink/_ide/bitstream/mb_intro_top.bit"
18:58:12 INFO  : Context for processor 'microblaze_0' is selected.
18:58:12 INFO  : Hardware design and registers information is loaded from 'C:/Users/austi/OneDrive/Desktop/385Labs/lab6/lab6/workspace/mb_intro_top/export/mb_intro_top/hw/mb_intro_top.xsa'.
18:58:12 INFO  : 'configparams mdm-detect-bscan-mask 2' command is executed.
18:58:12 INFO  : Context for processor 'microblaze_0' is selected.
18:58:12 INFO  : System reset is completed.
18:58:15 INFO  : 'after 3000' command is executed.
18:58:15 INFO  : Context for processor 'microblaze_0' is selected.
18:58:15 INFO  : The application 'C:/Users/austi/OneDrive/Desktop/385Labs/lab6/lab6/workspace/mb_blink/Debug/mb_blink.elf' is downloaded to processor 'microblaze_0'.
18:58:15 INFO  : ----------------XSDB Script----------------
connect -url tcp:127.0.0.1:3121
targets -set -filter {jtag_cable_name =~ "RealDigital Boo 8874292300B3A" && level==0 && jtag_device_ctx=="jsn1-0362f093-0"}
fpga -file C:/Users/austi/OneDrive/Desktop/385Labs/lab6/lab6/workspace/mb_blink/_ide/bitstream/mb_intro_top.bit
targets -set -nocase -filter {name =~ "*microblaze*#0" && bscan=="USER2" }
loadhw -hw C:/Users/austi/OneDrive/Desktop/385Labs/lab6/lab6/workspace/mb_intro_top/export/mb_intro_top/hw/mb_intro_top.xsa -regs
configparams mdm-detect-bscan-mask 2
targets -set -nocase -filter {name =~ "*microblaze*#0" && bscan=="USER2" }
rst -system
after 3000
targets -set -nocase -filter {name =~ "*microblaze*#0" && bscan=="USER2" }
dow C:/Users/austi/OneDrive/Desktop/385Labs/lab6/lab6/workspace/mb_blink/Debug/mb_blink.elf
----------------End of Script----------------

18:58:15 INFO  : Context for processor 'microblaze_0' is selected.
18:58:15 INFO  : 'con' command is executed.
18:58:15 INFO  : ----------------XSDB Script (After Launch)----------------
targets -set -nocase -filter {name =~ "*microblaze*#0" && bscan=="USER2" }
con
----------------End of Script----------------

18:58:15 INFO  : Launch script is exported to file 'C:\Users\austi\OneDrive\Desktop\385Labs\lab6\lab6\workspace\mb_blink_system\_ide\scripts\debugger_mb_blink-default.tcl'
18:59:38 INFO  : Checking for BSP changes to sync application flags for project 'mb_blink'...
18:59:49 INFO  : Disconnected from the channel tcfchan#2.
18:59:50 INFO  : Connected to target on host '127.0.0.1' and port '3121'.
18:59:59 INFO  : ----------------XSDB Script----------------
connect -url tcp:127.0.0.1:3121
----------------End of Script----------------

18:59:59 ERROR : Could not find FPGA device on the board for connection 'Local'.


Troubleshooting hints:
1. Check whether board is connected to system properly.
2. In case of zynq board, check whether Digilent/Xilinx cable switch settings are correct.
3. If you are using Xilinx Platform Cable USB, ensure that status LED is green.
19:00:19 INFO  : Result from executing command 'removePlatformRepo': 
19:00:28 INFO  : Result from executing command 'getProjects': mb_intro_top
19:00:28 INFO  : Result from executing command 'getPlatforms': 
19:00:28 INFO  : Checking for BSP changes to sync application flags for project 'mb_blink'...
19:00:40 INFO  : Connected to target on host '127.0.0.1' and port '3121'.
19:00:40 INFO  : Jtag cable 'RealDigital Boo 8874292300B3A' is selected.
19:00:40 INFO  : 'jtag frequency' command is executed.
19:00:40 INFO  : 'targets -set -filter {jtag_cable_name =~ "RealDigital Boo 8874292300B3A" && level==0 && jtag_device_ctx=="jsn1-0362f093-0"}' command is executed.
19:00:42 INFO  : Device configured successfully with "C:/Users/austi/OneDrive/Desktop/385Labs/lab6/lab6/workspace/mb_blink/_ide/bitstream/mb_intro_top.bit"
19:00:42 INFO  : Context for processor 'microblaze_0' is selected.
19:00:42 INFO  : Hardware design and registers information is loaded from 'C:/Users/austi/OneDrive/Desktop/385Labs/lab6/lab6/workspace/mb_intro_top/export/mb_intro_top/hw/mb_intro_top.xsa'.
19:00:42 INFO  : 'configparams mdm-detect-bscan-mask 2' command is executed.
19:00:42 INFO  : Context for processor 'microblaze_0' is selected.
19:00:42 INFO  : System reset is completed.
19:00:45 INFO  : 'after 3000' command is executed.
19:00:45 INFO  : Context for processor 'microblaze_0' is selected.
19:00:45 INFO  : The application 'C:/Users/austi/OneDrive/Desktop/385Labs/lab6/lab6/workspace/mb_blink/Debug/mb_blink.elf' is downloaded to processor 'microblaze_0'.
19:00:45 INFO  : ----------------XSDB Script----------------
connect -url tcp:127.0.0.1:3121
targets -set -filter {jtag_cable_name =~ "RealDigital Boo 8874292300B3A" && level==0 && jtag_device_ctx=="jsn1-0362f093-0"}
fpga -file C:/Users/austi/OneDrive/Desktop/385Labs/lab6/lab6/workspace/mb_blink/_ide/bitstream/mb_intro_top.bit
targets -set -nocase -filter {name =~ "*microblaze*#0" && bscan=="USER2" }
loadhw -hw C:/Users/austi/OneDrive/Desktop/385Labs/lab6/lab6/workspace/mb_intro_top/export/mb_intro_top/hw/mb_intro_top.xsa -regs
configparams mdm-detect-bscan-mask 2
targets -set -nocase -filter {name =~ "*microblaze*#0" && bscan=="USER2" }
rst -system
after 3000
targets -set -nocase -filter {name =~ "*microblaze*#0" && bscan=="USER2" }
dow C:/Users/austi/OneDrive/Desktop/385Labs/lab6/lab6/workspace/mb_blink/Debug/mb_blink.elf
----------------End of Script----------------

19:00:45 INFO  : Context for processor 'microblaze_0' is selected.
19:00:45 INFO  : 'con' command is executed.
19:00:45 INFO  : ----------------XSDB Script (After Launch)----------------
targets -set -nocase -filter {name =~ "*microblaze*#0" && bscan=="USER2" }
con
----------------End of Script----------------

19:00:45 INFO  : Launch script is exported to file 'C:\Users\austi\OneDrive\Desktop\385Labs\lab6\lab6\workspace\mb_blink_system\_ide\scripts\debugger_mb_blink-default_1.tcl'
19:07:07 INFO  : Disconnected from the channel tcfchan#3.
19:16:03 DEBUG : Logs will be stored at 'C:/Users/austi/OneDrive/Desktop/385Labs/lab6/lab6/workspace/IDE.log'.
19:16:04 INFO  : Launching XSCT server: xsct.bat -n  -interactive C:\Users\austi\OneDrive\Desktop\385Labs\lab6\lab6\workspace\temp_xsdb_launch_script.tcl
19:16:07 INFO  : XSCT server has started successfully.
19:16:07 INFO  : Successfully done setting XSCT server connection channel  
19:16:07 INFO  : plnx-install-location is set to ''
19:16:07 INFO  : Successfully done setting workspace for the tool. 
19:16:07 INFO  : Platform repository initialization has completed.
19:16:07 INFO  : Registering command handlers for Vitis TCF services
19:16:07 INFO  : Successfully done query RDI_DATADIR 
19:16:19 INFO  : Result from executing command 'removePlatformRepo': 
