18:37:47 DEBUG : Logs will be stored at 'C:/Users/austi/OneDrive/Desktop/385Labs/final_proj/lab6/flappybird_workspace/IDE.log'.
18:37:49 INFO  : Launching XSCT server: xsct.bat -n  -interactive C:\Users\austi\OneDrive\Desktop\385Labs\final_proj\lab6\flappybird_workspace\temp_xsdb_launch_script.tcl
18:37:49 INFO  : Platform repository initialization has completed.
18:37:49 INFO  : Registering command handlers for Vitis TCF services
18:37:52 INFO  : XSCT server has started successfully.
18:37:53 INFO  : Successfully done setting XSCT server connection channel  
18:37:53 INFO  : plnx-install-location is set to ''
18:37:53 INFO  : Successfully done query RDI_DATADIR 
18:37:53 INFO  : Successfully done setting workspace for the tool. 
18:38:15 INFO  : Result from executing command 'getProjects': flappy_bird
18:38:15 INFO  : Result from executing command 'getPlatforms': 
18:38:15 WARN  : An unexpected exception occurred in the module 'platform project logging'
18:38:15 INFO  : Platform 'flappy_bird' is added to custom repositories.
18:38:17 INFO  : Platform 'flappy_bird' is added to custom repositories.
18:40:02 INFO  : Result from executing command 'removePlatformRepo': 
18:40:08 INFO  : Result from executing command 'getProjects': flappy_bird
18:40:08 INFO  : Result from executing command 'getPlatforms': 
18:40:08 INFO  : Checking for BSP changes to sync application flags for project 'flap'...
18:40:40 INFO  : Connected to target on host '127.0.0.1' and port '3121'.
18:40:40 INFO  : Jtag cable 'RealDigital Boo 8874292300B3A' is selected.
18:40:40 INFO  : 'jtag frequency' command is executed.
18:40:40 INFO  : 'targets -set -filter {jtag_cable_name =~ "RealDigital Boo 8874292300B3A" && level==0 && jtag_device_ctx=="jsn1-0362f093-0"}' command is executed.
18:40:41 INFO  : Device configured successfully with "C:/Users/austi/OneDrive/Desktop/385Labs/final_proj/lab6/flappybird_workspace/flap/_ide/bitstream/flappy_bird.bit"
18:40:42 INFO  : Context for processor 'microblaze_0' is selected.
18:40:42 INFO  : Hardware design and registers information is loaded from 'C:/Users/austi/OneDrive/Desktop/385Labs/final_proj/lab6/flappybird_workspace/flappy_bird/export/flappy_bird/hw/flappy_bird.xsa'.
18:40:42 INFO  : 'configparams mdm-detect-bscan-mask 2' command is executed.
18:40:42 INFO  : Context for processor 'microblaze_0' is selected.
18:40:42 INFO  : System reset is completed.
18:40:45 INFO  : 'after 3000' command is executed.
18:40:45 INFO  : Context for processor 'microblaze_0' is selected.
18:40:45 INFO  : The application 'C:/Users/austi/OneDrive/Desktop/385Labs/final_proj/lab6/flappybird_workspace/flap/Debug/flap.elf' is downloaded to processor 'microblaze_0'.
18:40:45 INFO  : ----------------XSDB Script----------------
connect -url tcp:127.0.0.1:3121
targets -set -filter {jtag_cable_name =~ "RealDigital Boo 8874292300B3A" && level==0 && jtag_device_ctx=="jsn1-0362f093-0"}
fpga -file C:/Users/austi/OneDrive/Desktop/385Labs/final_proj/lab6/flappybird_workspace/flap/_ide/bitstream/flappy_bird.bit
targets -set -nocase -filter {name =~ "*microblaze*#0" && bscan=="USER2" }
loadhw -hw C:/Users/austi/OneDrive/Desktop/385Labs/final_proj/lab6/flappybird_workspace/flappy_bird/export/flappy_bird/hw/flappy_bird.xsa -regs
configparams mdm-detect-bscan-mask 2
targets -set -nocase -filter {name =~ "*microblaze*#0" && bscan=="USER2" }
rst -system
after 3000
targets -set -nocase -filter {name =~ "*microblaze*#0" && bscan=="USER2" }
dow C:/Users/austi/OneDrive/Desktop/385Labs/final_proj/lab6/flappybird_workspace/flap/Debug/flap.elf
----------------End of Script----------------

18:40:45 INFO  : Context for processor 'microblaze_0' is selected.
18:40:45 INFO  : 'con' command is executed.
18:40:45 INFO  : ----------------XSDB Script (After Launch)----------------
targets -set -nocase -filter {name =~ "*microblaze*#0" && bscan=="USER2" }
con
----------------End of Script----------------

18:40:45 INFO  : Launch script is exported to file 'C:\Users\austi\OneDrive\Desktop\385Labs\final_proj\lab6\flappybird_workspace\flap_system\_ide\scripts\debugger_flap-default.tcl'
18:41:23 INFO  : Disconnected from the channel tcfchan#3.
18:41:24 INFO  : Connected to target on host '127.0.0.1' and port '3121'.
18:41:25 INFO  : Jtag cable 'RealDigital Boo 8874292300B3A' is selected.
18:41:25 INFO  : 'jtag frequency' command is executed.
18:41:25 INFO  : 'targets -set -filter {jtag_cable_name =~ "RealDigital Boo 8874292300B3A" && level==0 && jtag_device_ctx=="jsn1-0362f093-0"}' command is executed.
18:41:26 INFO  : Device configured successfully with "C:/Users/austi/OneDrive/Desktop/385Labs/final_proj/lab6/flappybird_workspace/flap/_ide/bitstream/flappy_bird.bit"
18:41:26 INFO  : Context for processor 'microblaze_0' is selected.
18:41:26 INFO  : Hardware design and registers information is loaded from 'C:/Users/austi/OneDrive/Desktop/385Labs/final_proj/lab6/flappybird_workspace/flappy_bird/export/flappy_bird/hw/flappy_bird.xsa'.
18:41:26 INFO  : 'configparams mdm-detect-bscan-mask 2' command is executed.
18:41:26 INFO  : Context for processor 'microblaze_0' is selected.
18:41:26 INFO  : System reset is completed.
18:41:29 INFO  : 'after 3000' command is executed.
18:41:29 INFO  : Context for processor 'microblaze_0' is selected.
18:41:29 INFO  : The application 'C:/Users/austi/OneDrive/Desktop/385Labs/final_proj/lab6/flappybird_workspace/flap/Debug/flap.elf' is downloaded to processor 'microblaze_0'.
18:41:29 INFO  : ----------------XSDB Script----------------
connect -url tcp:127.0.0.1:3121
targets -set -filter {jtag_cable_name =~ "RealDigital Boo 8874292300B3A" && level==0 && jtag_device_ctx=="jsn1-0362f093-0"}
fpga -file C:/Users/austi/OneDrive/Desktop/385Labs/final_proj/lab6/flappybird_workspace/flap/_ide/bitstream/flappy_bird.bit
targets -set -nocase -filter {name =~ "*microblaze*#0" && bscan=="USER2" }
loadhw -hw C:/Users/austi/OneDrive/Desktop/385Labs/final_proj/lab6/flappybird_workspace/flappy_bird/export/flappy_bird/hw/flappy_bird.xsa -regs
configparams mdm-detect-bscan-mask 2
targets -set -nocase -filter {name =~ "*microblaze*#0" && bscan=="USER2" }
rst -system
after 3000
targets -set -nocase -filter {name =~ "*microblaze*#0" && bscan=="USER2" }
dow C:/Users/austi/OneDrive/Desktop/385Labs/final_proj/lab6/flappybird_workspace/flap/Debug/flap.elf
----------------End of Script----------------

18:41:29 INFO  : Context for processor 'microblaze_0' is selected.
18:41:29 INFO  : 'con' command is executed.
18:41:29 INFO  : ----------------XSDB Script (After Launch)----------------
targets -set -nocase -filter {name =~ "*microblaze*#0" && bscan=="USER2" }
con
----------------End of Script----------------

18:41:29 INFO  : Launch script is exported to file 'C:\Users\austi\OneDrive\Desktop\385Labs\final_proj\lab6\flappybird_workspace\flap_system\_ide\scripts\debugger_flap-default.tcl'
18:47:32 INFO  : Hardware specification for platform project 'flappy_bird' is updated.
18:47:41 INFO  : Result from executing command 'removePlatformRepo': 
18:47:48 INFO  : Result from executing command 'getProjects': flappy_bird
18:47:48 INFO  : Result from executing command 'getPlatforms': 
18:47:48 INFO  : Checking for BSP changes to sync application flags for project 'flap'...
18:47:51 INFO  : The hardware specification used by project 'flap' is out of sync with the platform. Resource files extracted from the hardware specification will be updated.
18:47:51 INFO  : The file 'C:\Users\austi\OneDrive\Desktop\385Labs\final_proj\lab6\flappybird_workspace\flap\_ide\bitstream\flappy_bird.bit' stored in project is removed.
18:47:51 INFO  : The file 'C:\Users\austi\OneDrive\Desktop\385Labs\final_proj\lab6\flappybird_workspace\flap\_ide\bitstream\flappy_bird.mmi' stored in project is removed.
18:47:51 INFO  : The updated bitstream files are copied from platform to folder 'C:\Users\austi\OneDrive\Desktop\385Labs\final_proj\lab6\flappybird_workspace\flap\_ide\bitstream' in project 'flap'.
18:48:16 INFO  : Disconnected from the channel tcfchan#4.
18:48:17 INFO  : Connected to target on host '127.0.0.1' and port '3121'.
18:48:26 INFO  : ----------------XSDB Script----------------
connect -url tcp:127.0.0.1:3121
----------------End of Script----------------

18:48:26 ERROR : Could not find FPGA device on the board for connection 'Local'.


Troubleshooting hints:
1. Check whether board is connected to system properly.
2. In case of zynq board, check whether Digilent/Xilinx cable switch settings are correct.
3. If you are using Xilinx Platform Cable USB, ensure that status LED is green.
18:48:37 INFO  : Connected to target on host '127.0.0.1' and port '3121'.
18:48:37 INFO  : Jtag cable 'RealDigital Boo 8874292300B3A' is selected.
18:48:37 INFO  : 'jtag frequency' command is executed.
18:48:37 INFO  : 'targets -set -filter {jtag_cable_name =~ "RealDigital Boo 8874292300B3A" && level==0 && jtag_device_ctx=="jsn1-0362f093-0"}' command is executed.
18:48:39 INFO  : Device configured successfully with "C:/Users/austi/OneDrive/Desktop/385Labs/final_proj/lab6/flappybird_workspace/flap/_ide/bitstream/flappy_bird.bit"
18:48:39 INFO  : Context for processor 'microblaze_0' is selected.
18:48:39 INFO  : Hardware design and registers information is loaded from 'C:/Users/austi/OneDrive/Desktop/385Labs/final_proj/lab6/flappybird_workspace/flappy_bird/export/flappy_bird/hw/flappy_bird.xsa'.
18:48:39 INFO  : 'configparams mdm-detect-bscan-mask 2' command is executed.
18:48:39 INFO  : Context for processor 'microblaze_0' is selected.
18:48:39 INFO  : System reset is completed.
18:48:42 INFO  : 'after 3000' command is executed.
18:48:42 INFO  : Context for processor 'microblaze_0' is selected.
18:48:42 INFO  : The application 'C:/Users/austi/OneDrive/Desktop/385Labs/final_proj/lab6/flappybird_workspace/flap/Debug/flap.elf' is downloaded to processor 'microblaze_0'.
18:48:42 INFO  : ----------------XSDB Script----------------
connect -url tcp:127.0.0.1:3121
targets -set -filter {jtag_cable_name =~ "RealDigital Boo 8874292300B3A" && level==0 && jtag_device_ctx=="jsn1-0362f093-0"}
fpga -file C:/Users/austi/OneDrive/Desktop/385Labs/final_proj/lab6/flappybird_workspace/flap/_ide/bitstream/flappy_bird.bit
targets -set -nocase -filter {name =~ "*microblaze*#0" && bscan=="USER2" }
loadhw -hw C:/Users/austi/OneDrive/Desktop/385Labs/final_proj/lab6/flappybird_workspace/flappy_bird/export/flappy_bird/hw/flappy_bird.xsa -regs
configparams mdm-detect-bscan-mask 2
targets -set -nocase -filter {name =~ "*microblaze*#0" && bscan=="USER2" }
rst -system
after 3000
targets -set -nocase -filter {name =~ "*microblaze*#0" && bscan=="USER2" }
dow C:/Users/austi/OneDrive/Desktop/385Labs/final_proj/lab6/flappybird_workspace/flap/Debug/flap.elf
----------------End of Script----------------

18:48:42 INFO  : Context for processor 'microblaze_0' is selected.
18:48:42 INFO  : 'con' command is executed.
18:48:42 INFO  : ----------------XSDB Script (After Launch)----------------
targets -set -nocase -filter {name =~ "*microblaze*#0" && bscan=="USER2" }
con
----------------End of Script----------------

18:48:42 INFO  : Launch script is exported to file 'C:\Users\austi\OneDrive\Desktop\385Labs\final_proj\lab6\flappybird_workspace\flap_system\_ide\scripts\debugger_flap-default.tcl'
18:58:19 INFO  : Hardware specification for platform project 'flappy_bird' is updated.
18:58:27 INFO  : Result from executing command 'removePlatformRepo': 
18:58:34 INFO  : Result from executing command 'getProjects': flappy_bird
18:58:34 INFO  : Result from executing command 'getPlatforms': 
18:58:35 INFO  : Checking for BSP changes to sync application flags for project 'flap'...
18:58:37 INFO  : The hardware specification used by project 'flap' is out of sync with the platform. Resource files extracted from the hardware specification will be updated.
18:58:37 INFO  : The file 'C:\Users\austi\OneDrive\Desktop\385Labs\final_proj\lab6\flappybird_workspace\flap\_ide\bitstream\flappy_bird.bit' stored in project is removed.
18:58:37 INFO  : The file 'C:\Users\austi\OneDrive\Desktop\385Labs\final_proj\lab6\flappybird_workspace\flap\_ide\bitstream\flappy_bird.mmi' stored in project is removed.
18:58:37 INFO  : The updated bitstream files are copied from platform to folder 'C:\Users\austi\OneDrive\Desktop\385Labs\final_proj\lab6\flappybird_workspace\flap\_ide\bitstream' in project 'flap'.
18:58:55 INFO  : Disconnected from the channel tcfchan#7.
18:58:56 INFO  : Connected to target on host '127.0.0.1' and port '3121'.
18:59:05 INFO  : ----------------XSDB Script----------------
connect -url tcp:127.0.0.1:3121
----------------End of Script----------------

18:59:05 ERROR : Could not find FPGA device on the board for connection 'Local'.


Troubleshooting hints:
1. Check whether board is connected to system properly.
2. In case of zynq board, check whether Digilent/Xilinx cable switch settings are correct.
3. If you are using Xilinx Platform Cable USB, ensure that status LED is green.
18:59:36 INFO  : Connected to target on host '127.0.0.1' and port '3121'.
18:59:36 INFO  : Jtag cable 'RealDigital Boo 8874292300B3A' is selected.
18:59:36 INFO  : 'jtag frequency' command is executed.
18:59:37 INFO  : 'targets -set -filter {jtag_cable_name =~ "RealDigital Boo 8874292300B3A" && level==0 && jtag_device_ctx=="jsn1-0362f093-0"}' command is executed.
18:59:38 INFO  : Device configured successfully with "C:/Users/austi/OneDrive/Desktop/385Labs/final_proj/lab6/flappybird_workspace/flap/_ide/bitstream/flappy_bird.bit"
18:59:38 INFO  : Context for processor 'microblaze_0' is selected.
18:59:38 INFO  : Hardware design and registers information is loaded from 'C:/Users/austi/OneDrive/Desktop/385Labs/final_proj/lab6/flappybird_workspace/flappy_bird/export/flappy_bird/hw/flappy_bird.xsa'.
18:59:38 INFO  : 'configparams mdm-detect-bscan-mask 2' command is executed.
18:59:38 INFO  : Context for processor 'microblaze_0' is selected.
18:59:38 INFO  : System reset is completed.
18:59:41 INFO  : 'after 3000' command is executed.
18:59:41 INFO  : Context for processor 'microblaze_0' is selected.
18:59:41 INFO  : The application 'C:/Users/austi/OneDrive/Desktop/385Labs/final_proj/lab6/flappybird_workspace/flap/Debug/flap.elf' is downloaded to processor 'microblaze_0'.
18:59:41 INFO  : ----------------XSDB Script----------------
connect -url tcp:127.0.0.1:3121
targets -set -filter {jtag_cable_name =~ "RealDigital Boo 8874292300B3A" && level==0 && jtag_device_ctx=="jsn1-0362f093-0"}
fpga -file C:/Users/austi/OneDrive/Desktop/385Labs/final_proj/lab6/flappybird_workspace/flap/_ide/bitstream/flappy_bird.bit
targets -set -nocase -filter {name =~ "*microblaze*#0" && bscan=="USER2" }
loadhw -hw C:/Users/austi/OneDrive/Desktop/385Labs/final_proj/lab6/flappybird_workspace/flappy_bird/export/flappy_bird/hw/flappy_bird.xsa -regs
configparams mdm-detect-bscan-mask 2
targets -set -nocase -filter {name =~ "*microblaze*#0" && bscan=="USER2" }
rst -system
after 3000
targets -set -nocase -filter {name =~ "*microblaze*#0" && bscan=="USER2" }
dow C:/Users/austi/OneDrive/Desktop/385Labs/final_proj/lab6/flappybird_workspace/flap/Debug/flap.elf
----------------End of Script----------------

18:59:41 INFO  : Context for processor 'microblaze_0' is selected.
18:59:41 INFO  : 'con' command is executed.
18:59:41 INFO  : ----------------XSDB Script (After Launch)----------------
targets -set -nocase -filter {name =~ "*microblaze*#0" && bscan=="USER2" }
con
----------------End of Script----------------

18:59:41 INFO  : Launch script is exported to file 'C:\Users\austi\OneDrive\Desktop\385Labs\final_proj\lab6\flappybird_workspace\flap_system\_ide\scripts\debugger_flap-default.tcl'
19:05:12 INFO  : Hardware specification for platform project 'flappy_bird' is updated.
19:05:22 INFO  : Result from executing command 'removePlatformRepo': 
19:05:29 INFO  : Result from executing command 'getProjects': flappy_bird
19:05:29 INFO  : Result from executing command 'getPlatforms': 
19:05:29 INFO  : Checking for BSP changes to sync application flags for project 'flap'...
19:05:32 INFO  : The hardware specification used by project 'flap' is out of sync with the platform. Resource files extracted from the hardware specification will be updated.
19:05:32 INFO  : The file 'C:\Users\austi\OneDrive\Desktop\385Labs\final_proj\lab6\flappybird_workspace\flap\_ide\bitstream\flappy_bird.bit' stored in project is removed.
19:05:32 INFO  : The file 'C:\Users\austi\OneDrive\Desktop\385Labs\final_proj\lab6\flappybird_workspace\flap\_ide\bitstream\flappy_bird.mmi' stored in project is removed.
19:05:32 INFO  : The updated bitstream files are copied from platform to folder 'C:\Users\austi\OneDrive\Desktop\385Labs\final_proj\lab6\flappybird_workspace\flap\_ide\bitstream' in project 'flap'.
19:05:50 INFO  : Disconnected from the channel tcfchan#10.
19:05:51 INFO  : Connected to target on host '127.0.0.1' and port '3121'.
19:06:00 INFO  : ----------------XSDB Script----------------
connect -url tcp:127.0.0.1:3121
----------------End of Script----------------

19:06:00 ERROR : Could not find FPGA device on the board for connection 'Local'.


Troubleshooting hints:
1. Check whether board is connected to system properly.
2. In case of zynq board, check whether Digilent/Xilinx cable switch settings are correct.
3. If you are using Xilinx Platform Cable USB, ensure that status LED is green.
19:06:05 INFO  : Connected to target on host '127.0.0.1' and port '3121'.
19:06:06 INFO  : Jtag cable 'RealDigital Boo 8874292300B3A' is selected.
19:06:06 INFO  : 'jtag frequency' command is executed.
19:06:06 INFO  : 'targets -set -filter {jtag_cable_name =~ "RealDigital Boo 8874292300B3A" && level==0 && jtag_device_ctx=="jsn1-0362f093-0"}' command is executed.
19:06:07 INFO  : Device configured successfully with "C:/Users/austi/OneDrive/Desktop/385Labs/final_proj/lab6/flappybird_workspace/flap/_ide/bitstream/flappy_bird.bit"
19:06:07 INFO  : Context for processor 'microblaze_0' is selected.
19:06:07 INFO  : Hardware design and registers information is loaded from 'C:/Users/austi/OneDrive/Desktop/385Labs/final_proj/lab6/flappybird_workspace/flappy_bird/export/flappy_bird/hw/flappy_bird.xsa'.
19:06:07 INFO  : 'configparams mdm-detect-bscan-mask 2' command is executed.
19:06:07 INFO  : Context for processor 'microblaze_0' is selected.
19:06:07 INFO  : System reset is completed.
19:06:10 INFO  : 'after 3000' command is executed.
19:06:10 INFO  : Context for processor 'microblaze_0' is selected.
19:06:11 INFO  : The application 'C:/Users/austi/OneDrive/Desktop/385Labs/final_proj/lab6/flappybird_workspace/flap/Debug/flap.elf' is downloaded to processor 'microblaze_0'.
19:06:11 INFO  : ----------------XSDB Script----------------
connect -url tcp:127.0.0.1:3121
targets -set -filter {jtag_cable_name =~ "RealDigital Boo 8874292300B3A" && level==0 && jtag_device_ctx=="jsn1-0362f093-0"}
fpga -file C:/Users/austi/OneDrive/Desktop/385Labs/final_proj/lab6/flappybird_workspace/flap/_ide/bitstream/flappy_bird.bit
targets -set -nocase -filter {name =~ "*microblaze*#0" && bscan=="USER2" }
loadhw -hw C:/Users/austi/OneDrive/Desktop/385Labs/final_proj/lab6/flappybird_workspace/flappy_bird/export/flappy_bird/hw/flappy_bird.xsa -regs
configparams mdm-detect-bscan-mask 2
targets -set -nocase -filter {name =~ "*microblaze*#0" && bscan=="USER2" }
rst -system
after 3000
targets -set -nocase -filter {name =~ "*microblaze*#0" && bscan=="USER2" }
dow C:/Users/austi/OneDrive/Desktop/385Labs/final_proj/lab6/flappybird_workspace/flap/Debug/flap.elf
----------------End of Script----------------

19:06:11 INFO  : Context for processor 'microblaze_0' is selected.
19:06:11 INFO  : 'con' command is executed.
19:06:11 INFO  : ----------------XSDB Script (After Launch)----------------
targets -set -nocase -filter {name =~ "*microblaze*#0" && bscan=="USER2" }
con
----------------End of Script----------------

19:06:11 INFO  : Launch script is exported to file 'C:\Users\austi\OneDrive\Desktop\385Labs\final_proj\lab6\flappybird_workspace\flap_system\_ide\scripts\debugger_flap-default.tcl'
19:10:25 INFO  : Hardware specification for platform project 'flappy_bird' is updated.
19:10:49 INFO  : Result from executing command 'removePlatformRepo': 
19:10:56 INFO  : Result from executing command 'getProjects': flappy_bird
19:10:56 INFO  : Result from executing command 'getPlatforms': 
19:10:56 INFO  : Checking for BSP changes to sync application flags for project 'flap'...
19:10:59 INFO  : The hardware specification used by project 'flap' is out of sync with the platform. Resource files extracted from the hardware specification will be updated.
19:10:59 INFO  : The file 'C:\Users\austi\OneDrive\Desktop\385Labs\final_proj\lab6\flappybird_workspace\flap\_ide\bitstream\flappy_bird.bit' stored in project is removed.
19:10:59 INFO  : The file 'C:\Users\austi\OneDrive\Desktop\385Labs\final_proj\lab6\flappybird_workspace\flap\_ide\bitstream\flappy_bird.mmi' stored in project is removed.
19:10:59 INFO  : The updated bitstream files are copied from platform to folder 'C:\Users\austi\OneDrive\Desktop\385Labs\final_proj\lab6\flappybird_workspace\flap\_ide\bitstream' in project 'flap'.
19:11:03 INFO  : Disconnected from the channel tcfchan#13.
19:11:04 INFO  : Connected to target on host '127.0.0.1' and port '3121'.
19:11:04 INFO  : Jtag cable 'RealDigital Boo 8874292300B3A' is selected.
19:11:04 INFO  : 'jtag frequency' command is executed.
19:11:04 INFO  : 'targets -set -filter {jtag_cable_name =~ "RealDigital Boo 8874292300B3A" && level==0 && jtag_device_ctx=="jsn1-0362f093-0"}' command is executed.
19:11:06 INFO  : Device configured successfully with "C:/Users/austi/OneDrive/Desktop/385Labs/final_proj/lab6/flappybird_workspace/flap/_ide/bitstream/flappy_bird.bit"
19:11:06 INFO  : Context for processor 'microblaze_0' is selected.
19:11:06 INFO  : Hardware design and registers information is loaded from 'C:/Users/austi/OneDrive/Desktop/385Labs/final_proj/lab6/flappybird_workspace/flappy_bird/export/flappy_bird/hw/flappy_bird.xsa'.
19:11:06 INFO  : 'configparams mdm-detect-bscan-mask 2' command is executed.
19:11:06 INFO  : Context for processor 'microblaze_0' is selected.
19:11:06 INFO  : System reset is completed.
19:11:09 INFO  : 'after 3000' command is executed.
19:11:09 INFO  : Context for processor 'microblaze_0' is selected.
19:11:09 INFO  : The application 'C:/Users/austi/OneDrive/Desktop/385Labs/final_proj/lab6/flappybird_workspace/flap/Debug/flap.elf' is downloaded to processor 'microblaze_0'.
19:11:09 INFO  : ----------------XSDB Script----------------
connect -url tcp:127.0.0.1:3121
targets -set -filter {jtag_cable_name =~ "RealDigital Boo 8874292300B3A" && level==0 && jtag_device_ctx=="jsn1-0362f093-0"}
fpga -file C:/Users/austi/OneDrive/Desktop/385Labs/final_proj/lab6/flappybird_workspace/flap/_ide/bitstream/flappy_bird.bit
targets -set -nocase -filter {name =~ "*microblaze*#0" && bscan=="USER2" }
loadhw -hw C:/Users/austi/OneDrive/Desktop/385Labs/final_proj/lab6/flappybird_workspace/flappy_bird/export/flappy_bird/hw/flappy_bird.xsa -regs
configparams mdm-detect-bscan-mask 2
targets -set -nocase -filter {name =~ "*microblaze*#0" && bscan=="USER2" }
rst -system
after 3000
targets -set -nocase -filter {name =~ "*microblaze*#0" && bscan=="USER2" }
dow C:/Users/austi/OneDrive/Desktop/385Labs/final_proj/lab6/flappybird_workspace/flap/Debug/flap.elf
----------------End of Script----------------

19:11:09 INFO  : Context for processor 'microblaze_0' is selected.
19:11:09 INFO  : 'con' command is executed.
19:11:09 INFO  : ----------------XSDB Script (After Launch)----------------
targets -set -nocase -filter {name =~ "*microblaze*#0" && bscan=="USER2" }
con
----------------End of Script----------------

19:11:09 INFO  : Launch script is exported to file 'C:\Users\austi\OneDrive\Desktop\385Labs\final_proj\lab6\flappybird_workspace\flap_system\_ide\scripts\debugger_flap-default.tcl'
19:16:21 INFO  : Hardware specification for platform project 'flappy_bird' is updated.
19:16:27 INFO  : Result from executing command 'removePlatformRepo': 
19:16:35 INFO  : Result from executing command 'getProjects': flappy_bird
19:16:35 INFO  : Result from executing command 'getPlatforms': 
19:16:35 INFO  : Checking for BSP changes to sync application flags for project 'flap'...
19:16:37 INFO  : The hardware specification used by project 'flap' is out of sync with the platform. Resource files extracted from the hardware specification will be updated.
19:16:37 INFO  : The file 'C:\Users\austi\OneDrive\Desktop\385Labs\final_proj\lab6\flappybird_workspace\flap\_ide\bitstream\flappy_bird.bit' stored in project is removed.
19:16:37 INFO  : The file 'C:\Users\austi\OneDrive\Desktop\385Labs\final_proj\lab6\flappybird_workspace\flap\_ide\bitstream\flappy_bird.mmi' stored in project is removed.
19:16:37 INFO  : The updated bitstream files are copied from platform to folder 'C:\Users\austi\OneDrive\Desktop\385Labs\final_proj\lab6\flappybird_workspace\flap\_ide\bitstream' in project 'flap'.
19:16:40 INFO  : Disconnected from the channel tcfchan#16.
19:16:41 INFO  : Connected to target on host '127.0.0.1' and port '3121'.
19:16:41 INFO  : Jtag cable 'RealDigital Boo 8874292300B3A' is selected.
19:16:41 INFO  : 'jtag frequency' command is executed.
19:16:41 INFO  : 'targets -set -filter {jtag_cable_name =~ "RealDigital Boo 8874292300B3A" && level==0 && jtag_device_ctx=="jsn1-0362f093-0"}' command is executed.
19:16:43 INFO  : Device configured successfully with "C:/Users/austi/OneDrive/Desktop/385Labs/final_proj/lab6/flappybird_workspace/flap/_ide/bitstream/flappy_bird.bit"
19:16:43 INFO  : Context for processor 'microblaze_0' is selected.
19:16:43 INFO  : Hardware design and registers information is loaded from 'C:/Users/austi/OneDrive/Desktop/385Labs/final_proj/lab6/flappybird_workspace/flappy_bird/export/flappy_bird/hw/flappy_bird.xsa'.
19:16:43 INFO  : 'configparams mdm-detect-bscan-mask 2' command is executed.
19:16:43 INFO  : Context for processor 'microblaze_0' is selected.
19:16:43 INFO  : System reset is completed.
19:16:46 INFO  : 'after 3000' command is executed.
19:16:46 INFO  : Context for processor 'microblaze_0' is selected.
19:16:46 INFO  : The application 'C:/Users/austi/OneDrive/Desktop/385Labs/final_proj/lab6/flappybird_workspace/flap/Debug/flap.elf' is downloaded to processor 'microblaze_0'.
19:16:46 INFO  : ----------------XSDB Script----------------
connect -url tcp:127.0.0.1:3121
targets -set -filter {jtag_cable_name =~ "RealDigital Boo 8874292300B3A" && level==0 && jtag_device_ctx=="jsn1-0362f093-0"}
fpga -file C:/Users/austi/OneDrive/Desktop/385Labs/final_proj/lab6/flappybird_workspace/flap/_ide/bitstream/flappy_bird.bit
targets -set -nocase -filter {name =~ "*microblaze*#0" && bscan=="USER2" }
loadhw -hw C:/Users/austi/OneDrive/Desktop/385Labs/final_proj/lab6/flappybird_workspace/flappy_bird/export/flappy_bird/hw/flappy_bird.xsa -regs
configparams mdm-detect-bscan-mask 2
targets -set -nocase -filter {name =~ "*microblaze*#0" && bscan=="USER2" }
rst -system
after 3000
targets -set -nocase -filter {name =~ "*microblaze*#0" && bscan=="USER2" }
dow C:/Users/austi/OneDrive/Desktop/385Labs/final_proj/lab6/flappybird_workspace/flap/Debug/flap.elf
----------------End of Script----------------

19:16:46 INFO  : Context for processor 'microblaze_0' is selected.
19:16:46 INFO  : 'con' command is executed.
19:16:46 INFO  : ----------------XSDB Script (After Launch)----------------
targets -set -nocase -filter {name =~ "*microblaze*#0" && bscan=="USER2" }
con
----------------End of Script----------------

19:16:46 INFO  : Launch script is exported to file 'C:\Users\austi\OneDrive\Desktop\385Labs\final_proj\lab6\flappybird_workspace\flap_system\_ide\scripts\debugger_flap-default.tcl'
19:17:13 INFO  : Disconnected from the channel tcfchan#19.
19:17:14 INFO  : Connected to target on host '127.0.0.1' and port '3121'.
19:17:15 INFO  : Jtag cable 'RealDigital Boo 8874292300B3A' is selected.
19:17:15 INFO  : 'jtag frequency' command is executed.
19:17:15 INFO  : 'targets -set -filter {jtag_cable_name =~ "RealDigital Boo 8874292300B3A" && level==0 && jtag_device_ctx=="jsn1-0362f093-0"}' command is executed.
19:17:16 INFO  : Device configured successfully with "C:/Users/austi/OneDrive/Desktop/385Labs/final_proj/lab6/flappybird_workspace/flap/_ide/bitstream/flappy_bird.bit"
19:17:16 INFO  : Context for processor 'microblaze_0' is selected.
19:17:16 INFO  : Hardware design and registers information is loaded from 'C:/Users/austi/OneDrive/Desktop/385Labs/final_proj/lab6/flappybird_workspace/flappy_bird/export/flappy_bird/hw/flappy_bird.xsa'.
19:17:16 INFO  : 'configparams mdm-detect-bscan-mask 2' command is executed.
19:17:16 INFO  : Context for processor 'microblaze_0' is selected.
19:17:16 INFO  : System reset is completed.
19:17:19 INFO  : 'after 3000' command is executed.
19:17:19 INFO  : Context for processor 'microblaze_0' is selected.
19:17:19 INFO  : The application 'C:/Users/austi/OneDrive/Desktop/385Labs/final_proj/lab6/flappybird_workspace/flap/Debug/flap.elf' is downloaded to processor 'microblaze_0'.
19:17:19 INFO  : ----------------XSDB Script----------------
connect -url tcp:127.0.0.1:3121
targets -set -filter {jtag_cable_name =~ "RealDigital Boo 8874292300B3A" && level==0 && jtag_device_ctx=="jsn1-0362f093-0"}
fpga -file C:/Users/austi/OneDrive/Desktop/385Labs/final_proj/lab6/flappybird_workspace/flap/_ide/bitstream/flappy_bird.bit
targets -set -nocase -filter {name =~ "*microblaze*#0" && bscan=="USER2" }
loadhw -hw C:/Users/austi/OneDrive/Desktop/385Labs/final_proj/lab6/flappybird_workspace/flappy_bird/export/flappy_bird/hw/flappy_bird.xsa -regs
configparams mdm-detect-bscan-mask 2
targets -set -nocase -filter {name =~ "*microblaze*#0" && bscan=="USER2" }
rst -system
after 3000
targets -set -nocase -filter {name =~ "*microblaze*#0" && bscan=="USER2" }
dow C:/Users/austi/OneDrive/Desktop/385Labs/final_proj/lab6/flappybird_workspace/flap/Debug/flap.elf
----------------End of Script----------------

19:17:19 INFO  : Context for processor 'microblaze_0' is selected.
19:17:19 INFO  : 'con' command is executed.
19:17:19 INFO  : ----------------XSDB Script (After Launch)----------------
targets -set -nocase -filter {name =~ "*microblaze*#0" && bscan=="USER2" }
con
----------------End of Script----------------

19:17:19 INFO  : Launch script is exported to file 'C:\Users\austi\OneDrive\Desktop\385Labs\final_proj\lab6\flappybird_workspace\flap_system\_ide\scripts\debugger_flap-default.tcl'
19:29:29 INFO  : Hardware specification for platform project 'flappy_bird' is updated.
19:30:45 INFO  : Result from executing command 'removePlatformRepo': 
19:30:52 INFO  : Result from executing command 'getProjects': flappy_bird
19:30:52 INFO  : Result from executing command 'getPlatforms': 
19:30:52 INFO  : Checking for BSP changes to sync application flags for project 'flap'...
19:30:54 INFO  : The hardware specification used by project 'flap' is out of sync with the platform. Resource files extracted from the hardware specification will be updated.
19:30:54 INFO  : The file 'C:\Users\austi\OneDrive\Desktop\385Labs\final_proj\lab6\flappybird_workspace\flap\_ide\bitstream\flappy_bird.bit' stored in project is removed.
19:30:54 INFO  : The file 'C:\Users\austi\OneDrive\Desktop\385Labs\final_proj\lab6\flappybird_workspace\flap\_ide\bitstream\flappy_bird.mmi' stored in project is removed.
19:30:54 INFO  : The updated bitstream files are copied from platform to folder 'C:\Users\austi\OneDrive\Desktop\385Labs\final_proj\lab6\flappybird_workspace\flap\_ide\bitstream' in project 'flap'.
19:31:01 INFO  : Disconnected from the channel tcfchan#20.
19:31:02 INFO  : Connected to target on host '127.0.0.1' and port '3121'.
19:31:02 INFO  : Jtag cable 'RealDigital Boo 8874292300B3A' is selected.
19:31:02 INFO  : 'jtag frequency' command is executed.
19:31:02 INFO  : 'targets -set -filter {jtag_cable_name =~ "RealDigital Boo 8874292300B3A" && level==0 && jtag_device_ctx=="jsn1-0362f093-0"}' command is executed.
19:31:03 INFO  : Device configured successfully with "C:/Users/austi/OneDrive/Desktop/385Labs/final_proj/lab6/flappybird_workspace/flap/_ide/bitstream/flappy_bird.bit"
19:31:03 INFO  : Context for processor 'microblaze_0' is selected.
19:31:03 INFO  : Hardware design and registers information is loaded from 'C:/Users/austi/OneDrive/Desktop/385Labs/final_proj/lab6/flappybird_workspace/flappy_bird/export/flappy_bird/hw/flappy_bird.xsa'.
19:31:03 INFO  : 'configparams mdm-detect-bscan-mask 2' command is executed.
19:31:03 INFO  : Context for processor 'microblaze_0' is selected.
19:31:03 INFO  : System reset is completed.
19:31:06 INFO  : 'after 3000' command is executed.
19:31:06 INFO  : Context for processor 'microblaze_0' is selected.
19:31:06 INFO  : The application 'C:/Users/austi/OneDrive/Desktop/385Labs/final_proj/lab6/flappybird_workspace/flap/Debug/flap.elf' is downloaded to processor 'microblaze_0'.
19:31:06 INFO  : ----------------XSDB Script----------------
connect -url tcp:127.0.0.1:3121
targets -set -filter {jtag_cable_name =~ "RealDigital Boo 8874292300B3A" && level==0 && jtag_device_ctx=="jsn1-0362f093-0"}
fpga -file C:/Users/austi/OneDrive/Desktop/385Labs/final_proj/lab6/flappybird_workspace/flap/_ide/bitstream/flappy_bird.bit
targets -set -nocase -filter {name =~ "*microblaze*#0" && bscan=="USER2" }
loadhw -hw C:/Users/austi/OneDrive/Desktop/385Labs/final_proj/lab6/flappybird_workspace/flappy_bird/export/flappy_bird/hw/flappy_bird.xsa -regs
configparams mdm-detect-bscan-mask 2
targets -set -nocase -filter {name =~ "*microblaze*#0" && bscan=="USER2" }
rst -system
after 3000
targets -set -nocase -filter {name =~ "*microblaze*#0" && bscan=="USER2" }
dow C:/Users/austi/OneDrive/Desktop/385Labs/final_proj/lab6/flappybird_workspace/flap/Debug/flap.elf
----------------End of Script----------------

19:31:07 INFO  : Context for processor 'microblaze_0' is selected.
19:31:07 INFO  : 'con' command is executed.
19:31:07 INFO  : ----------------XSDB Script (After Launch)----------------
targets -set -nocase -filter {name =~ "*microblaze*#0" && bscan=="USER2" }
con
----------------End of Script----------------

19:31:07 INFO  : Launch script is exported to file 'C:\Users\austi\OneDrive\Desktop\385Labs\final_proj\lab6\flappybird_workspace\flap_system\_ide\scripts\debugger_flap-default.tcl'
19:36:06 INFO  : Hardware specification for platform project 'flappy_bird' is updated.
19:36:16 INFO  : Hardware specification for platform project 'flappy_bird' is updated.
19:36:24 INFO  : Result from executing command 'removePlatformRepo': 
19:36:31 INFO  : Result from executing command 'getProjects': flappy_bird
19:36:31 INFO  : Result from executing command 'getPlatforms': 
19:36:31 INFO  : Checking for BSP changes to sync application flags for project 'flap'...
19:36:34 INFO  : The hardware specification used by project 'flap' is out of sync with the platform. Resource files extracted from the hardware specification will be updated.
19:36:34 INFO  : The file 'C:\Users\austi\OneDrive\Desktop\385Labs\final_proj\lab6\flappybird_workspace\flap\_ide\bitstream\flappy_bird.bit' stored in project is removed.
19:36:34 INFO  : The file 'C:\Users\austi\OneDrive\Desktop\385Labs\final_proj\lab6\flappybird_workspace\flap\_ide\bitstream\flappy_bird.mmi' stored in project is removed.
19:36:34 INFO  : The updated bitstream files are copied from platform to folder 'C:\Users\austi\OneDrive\Desktop\385Labs\final_proj\lab6\flappybird_workspace\flap\_ide\bitstream' in project 'flap'.
19:36:51 INFO  : Disconnected from the channel tcfchan#23.
19:36:52 INFO  : Connected to target on host '127.0.0.1' and port '3121'.
19:36:52 INFO  : Jtag cable 'RealDigital Boo 8874292300B3A' is selected.
19:36:52 INFO  : 'jtag frequency' command is executed.
19:36:52 INFO  : 'targets -set -filter {jtag_cable_name =~ "RealDigital Boo 8874292300B3A" && level==0 && jtag_device_ctx=="jsn1-0362f093-0"}' command is executed.
19:36:53 INFO  : Device configured successfully with "C:/Users/austi/OneDrive/Desktop/385Labs/final_proj/lab6/flappybird_workspace/flap/_ide/bitstream/flappy_bird.bit"
19:36:53 INFO  : Context for processor 'microblaze_0' is selected.
19:36:54 INFO  : Hardware design and registers information is loaded from 'C:/Users/austi/OneDrive/Desktop/385Labs/final_proj/lab6/flappybird_workspace/flappy_bird/export/flappy_bird/hw/flappy_bird.xsa'.
19:36:54 INFO  : 'configparams mdm-detect-bscan-mask 2' command is executed.
19:36:54 INFO  : Context for processor 'microblaze_0' is selected.
19:36:54 INFO  : System reset is completed.
19:36:57 INFO  : 'after 3000' command is executed.
19:36:57 INFO  : Context for processor 'microblaze_0' is selected.
19:36:57 INFO  : The application 'C:/Users/austi/OneDrive/Desktop/385Labs/final_proj/lab6/flappybird_workspace/flap/Debug/flap.elf' is downloaded to processor 'microblaze_0'.
19:36:57 INFO  : ----------------XSDB Script----------------
connect -url tcp:127.0.0.1:3121
targets -set -filter {jtag_cable_name =~ "RealDigital Boo 8874292300B3A" && level==0 && jtag_device_ctx=="jsn1-0362f093-0"}
fpga -file C:/Users/austi/OneDrive/Desktop/385Labs/final_proj/lab6/flappybird_workspace/flap/_ide/bitstream/flappy_bird.bit
targets -set -nocase -filter {name =~ "*microblaze*#0" && bscan=="USER2" }
loadhw -hw C:/Users/austi/OneDrive/Desktop/385Labs/final_proj/lab6/flappybird_workspace/flappy_bird/export/flappy_bird/hw/flappy_bird.xsa -regs
configparams mdm-detect-bscan-mask 2
targets -set -nocase -filter {name =~ "*microblaze*#0" && bscan=="USER2" }
rst -system
after 3000
targets -set -nocase -filter {name =~ "*microblaze*#0" && bscan=="USER2" }
dow C:/Users/austi/OneDrive/Desktop/385Labs/final_proj/lab6/flappybird_workspace/flap/Debug/flap.elf
----------------End of Script----------------

19:36:57 INFO  : Context for processor 'microblaze_0' is selected.
19:36:57 INFO  : 'con' command is executed.
19:36:57 INFO  : ----------------XSDB Script (After Launch)----------------
targets -set -nocase -filter {name =~ "*microblaze*#0" && bscan=="USER2" }
con
----------------End of Script----------------

19:36:57 INFO  : Launch script is exported to file 'C:\Users\austi\OneDrive\Desktop\385Labs\final_proj\lab6\flappybird_workspace\flap_system\_ide\scripts\debugger_flap-default.tcl'
19:41:18 INFO  : Hardware specification for platform project 'flappy_bird' is updated.
19:41:25 INFO  : Result from executing command 'removePlatformRepo': 
19:41:32 INFO  : Result from executing command 'getProjects': flappy_bird
19:41:32 INFO  : Result from executing command 'getPlatforms': 
19:41:32 INFO  : Checking for BSP changes to sync application flags for project 'flap'...
19:41:34 INFO  : The hardware specification used by project 'flap' is out of sync with the platform. Resource files extracted from the hardware specification will be updated.
19:41:34 INFO  : The file 'C:\Users\austi\OneDrive\Desktop\385Labs\final_proj\lab6\flappybird_workspace\flap\_ide\bitstream\flappy_bird.bit' stored in project is removed.
19:41:34 INFO  : The file 'C:\Users\austi\OneDrive\Desktop\385Labs\final_proj\lab6\flappybird_workspace\flap\_ide\bitstream\flappy_bird.mmi' stored in project is removed.
19:41:34 INFO  : The updated bitstream files are copied from platform to folder 'C:\Users\austi\OneDrive\Desktop\385Labs\final_proj\lab6\flappybird_workspace\flap\_ide\bitstream' in project 'flap'.
19:41:40 INFO  : Disconnected from the channel tcfchan#26.
19:41:41 INFO  : Connected to target on host '127.0.0.1' and port '3121'.
19:41:50 INFO  : ----------------XSDB Script----------------
connect -url tcp:127.0.0.1:3121
----------------End of Script----------------

19:41:50 ERROR : Could not find FPGA device on the board for connection 'Local'.


Troubleshooting hints:
1. Check whether board is connected to system properly.
2. In case of zynq board, check whether Digilent/Xilinx cable switch settings are correct.
3. If you are using Xilinx Platform Cable USB, ensure that status LED is green.
19:41:55 INFO  : Connected to target on host '127.0.0.1' and port '3121'.
19:41:55 INFO  : Jtag cable 'RealDigital Boo 8874292300B3A' is selected.
19:41:55 INFO  : 'jtag frequency' command is executed.
19:41:55 INFO  : 'targets -set -filter {jtag_cable_name =~ "RealDigital Boo 8874292300B3A" && level==0 && jtag_device_ctx=="jsn1-0362f093-0"}' command is executed.
19:41:56 INFO  : Device configured successfully with "C:/Users/austi/OneDrive/Desktop/385Labs/final_proj/lab6/flappybird_workspace/flap/_ide/bitstream/flappy_bird.bit"
19:41:56 INFO  : Context for processor 'microblaze_0' is selected.
19:41:56 INFO  : Hardware design and registers information is loaded from 'C:/Users/austi/OneDrive/Desktop/385Labs/final_proj/lab6/flappybird_workspace/flappy_bird/export/flappy_bird/hw/flappy_bird.xsa'.
19:41:56 INFO  : 'configparams mdm-detect-bscan-mask 2' command is executed.
19:41:56 INFO  : Context for processor 'microblaze_0' is selected.
19:41:56 INFO  : System reset is completed.
19:41:59 INFO  : 'after 3000' command is executed.
19:41:59 INFO  : Context for processor 'microblaze_0' is selected.
19:41:59 INFO  : The application 'C:/Users/austi/OneDrive/Desktop/385Labs/final_proj/lab6/flappybird_workspace/flap/Debug/flap.elf' is downloaded to processor 'microblaze_0'.
19:41:59 INFO  : ----------------XSDB Script----------------
connect -url tcp:127.0.0.1:3121
targets -set -filter {jtag_cable_name =~ "RealDigital Boo 8874292300B3A" && level==0 && jtag_device_ctx=="jsn1-0362f093-0"}
fpga -file C:/Users/austi/OneDrive/Desktop/385Labs/final_proj/lab6/flappybird_workspace/flap/_ide/bitstream/flappy_bird.bit
targets -set -nocase -filter {name =~ "*microblaze*#0" && bscan=="USER2" }
loadhw -hw C:/Users/austi/OneDrive/Desktop/385Labs/final_proj/lab6/flappybird_workspace/flappy_bird/export/flappy_bird/hw/flappy_bird.xsa -regs
configparams mdm-detect-bscan-mask 2
targets -set -nocase -filter {name =~ "*microblaze*#0" && bscan=="USER2" }
rst -system
after 3000
targets -set -nocase -filter {name =~ "*microblaze*#0" && bscan=="USER2" }
dow C:/Users/austi/OneDrive/Desktop/385Labs/final_proj/lab6/flappybird_workspace/flap/Debug/flap.elf
----------------End of Script----------------

19:42:00 INFO  : Context for processor 'microblaze_0' is selected.
19:42:00 INFO  : 'con' command is executed.
19:42:00 INFO  : ----------------XSDB Script (After Launch)----------------
targets -set -nocase -filter {name =~ "*microblaze*#0" && bscan=="USER2" }
con
----------------End of Script----------------

19:42:00 INFO  : Launch script is exported to file 'C:\Users\austi\OneDrive\Desktop\385Labs\final_proj\lab6\flappybird_workspace\flap_system\_ide\scripts\debugger_flap-default.tcl'
19:54:23 INFO  : Hardware specification for platform project 'flappy_bird' is updated.
19:54:30 INFO  : Result from executing command 'removePlatformRepo': 
19:54:38 INFO  : Result from executing command 'getProjects': flappy_bird
19:54:38 INFO  : Result from executing command 'getPlatforms': 
19:54:38 INFO  : Checking for BSP changes to sync application flags for project 'flap'...
19:54:40 INFO  : The hardware specification used by project 'flap' is out of sync with the platform. Resource files extracted from the hardware specification will be updated.
19:54:40 INFO  : The file 'C:\Users\austi\OneDrive\Desktop\385Labs\final_proj\lab6\flappybird_workspace\flap\_ide\bitstream\flappy_bird.bit' stored in project is removed.
19:54:40 INFO  : The file 'C:\Users\austi\OneDrive\Desktop\385Labs\final_proj\lab6\flappybird_workspace\flap\_ide\bitstream\flappy_bird.mmi' stored in project is removed.
19:54:40 INFO  : The updated bitstream files are copied from platform to folder 'C:\Users\austi\OneDrive\Desktop\385Labs\final_proj\lab6\flappybird_workspace\flap\_ide\bitstream' in project 'flap'.
19:54:47 INFO  : Disconnected from the channel tcfchan#29.
19:54:48 INFO  : Connected to target on host '127.0.0.1' and port '3121'.
19:54:58 INFO  : ----------------XSDB Script----------------
connect -url tcp:127.0.0.1:3121
----------------End of Script----------------

19:54:58 ERROR : Could not find FPGA device on the board for connection 'Local'.


Troubleshooting hints:
1. Check whether board is connected to system properly.
2. In case of zynq board, check whether Digilent/Xilinx cable switch settings are correct.
3. If you are using Xilinx Platform Cable USB, ensure that status LED is green.
19:55:04 INFO  : Connected to target on host '127.0.0.1' and port '3121'.
19:55:04 INFO  : Jtag cable 'RealDigital Boo 8874292300B3A' is selected.
19:55:04 INFO  : 'jtag frequency' command is executed.
19:55:04 INFO  : 'targets -set -filter {jtag_cable_name =~ "RealDigital Boo 8874292300B3A" && level==0 && jtag_device_ctx=="jsn1-0362f093-0"}' command is executed.
19:55:05 INFO  : Device configured successfully with "C:/Users/austi/OneDrive/Desktop/385Labs/final_proj/lab6/flappybird_workspace/flap/_ide/bitstream/flappy_bird.bit"
19:55:05 INFO  : Context for processor 'microblaze_0' is selected.
19:55:05 INFO  : Hardware design and registers information is loaded from 'C:/Users/austi/OneDrive/Desktop/385Labs/final_proj/lab6/flappybird_workspace/flappy_bird/export/flappy_bird/hw/flappy_bird.xsa'.
19:55:05 INFO  : 'configparams mdm-detect-bscan-mask 2' command is executed.
19:55:05 INFO  : Context for processor 'microblaze_0' is selected.
19:55:05 INFO  : System reset is completed.
19:55:08 INFO  : 'after 3000' command is executed.
19:55:08 INFO  : Context for processor 'microblaze_0' is selected.
19:55:08 INFO  : The application 'C:/Users/austi/OneDrive/Desktop/385Labs/final_proj/lab6/flappybird_workspace/flap/Debug/flap.elf' is downloaded to processor 'microblaze_0'.
19:55:08 INFO  : ----------------XSDB Script----------------
connect -url tcp:127.0.0.1:3121
targets -set -filter {jtag_cable_name =~ "RealDigital Boo 8874292300B3A" && level==0 && jtag_device_ctx=="jsn1-0362f093-0"}
fpga -file C:/Users/austi/OneDrive/Desktop/385Labs/final_proj/lab6/flappybird_workspace/flap/_ide/bitstream/flappy_bird.bit
targets -set -nocase -filter {name =~ "*microblaze*#0" && bscan=="USER2" }
loadhw -hw C:/Users/austi/OneDrive/Desktop/385Labs/final_proj/lab6/flappybird_workspace/flappy_bird/export/flappy_bird/hw/flappy_bird.xsa -regs
configparams mdm-detect-bscan-mask 2
targets -set -nocase -filter {name =~ "*microblaze*#0" && bscan=="USER2" }
rst -system
after 3000
targets -set -nocase -filter {name =~ "*microblaze*#0" && bscan=="USER2" }
dow C:/Users/austi/OneDrive/Desktop/385Labs/final_proj/lab6/flappybird_workspace/flap/Debug/flap.elf
----------------End of Script----------------

19:55:08 INFO  : Context for processor 'microblaze_0' is selected.
19:55:08 INFO  : 'con' command is executed.
19:55:08 INFO  : ----------------XSDB Script (After Launch)----------------
targets -set -nocase -filter {name =~ "*microblaze*#0" && bscan=="USER2" }
con
----------------End of Script----------------

19:55:08 INFO  : Launch script is exported to file 'C:\Users\austi\OneDrive\Desktop\385Labs\final_proj\lab6\flappybird_workspace\flap_system\_ide\scripts\debugger_flap-default.tcl'
20:02:19 INFO  : Hardware specification for platform project 'flappy_bird' is updated.
20:02:27 INFO  : Result from executing command 'removePlatformRepo': 
20:02:34 INFO  : Result from executing command 'getProjects': flappy_bird
20:02:34 INFO  : Result from executing command 'getPlatforms': 
20:02:34 INFO  : Checking for BSP changes to sync application flags for project 'flap'...
20:02:36 INFO  : The hardware specification used by project 'flap' is out of sync with the platform. Resource files extracted from the hardware specification will be updated.
20:02:36 INFO  : The file 'C:\Users\austi\OneDrive\Desktop\385Labs\final_proj\lab6\flappybird_workspace\flap\_ide\bitstream\flappy_bird.bit' stored in project is removed.
20:02:36 INFO  : The file 'C:\Users\austi\OneDrive\Desktop\385Labs\final_proj\lab6\flappybird_workspace\flap\_ide\bitstream\flappy_bird.mmi' stored in project is removed.
20:02:36 INFO  : The updated bitstream files are copied from platform to folder 'C:\Users\austi\OneDrive\Desktop\385Labs\final_proj\lab6\flappybird_workspace\flap\_ide\bitstream' in project 'flap'.
20:03:07 INFO  : Disconnected from the channel tcfchan#32.
20:03:08 INFO  : Connected to target on host '127.0.0.1' and port '3121'.
20:03:17 INFO  : ----------------XSDB Script----------------
connect -url tcp:127.0.0.1:3121
----------------End of Script----------------

20:03:17 ERROR : Could not find FPGA device on the board for connection 'Local'.


Troubleshooting hints:
1. Check whether board is connected to system properly.
2. In case of zynq board, check whether Digilent/Xilinx cable switch settings are correct.
3. If you are using Xilinx Platform Cable USB, ensure that status LED is green.
20:03:23 INFO  : Connected to target on host '127.0.0.1' and port '3121'.
20:03:23 INFO  : Jtag cable 'RealDigital Boo 8874292300B3A' is selected.
20:03:23 INFO  : 'jtag frequency' command is executed.
20:03:23 INFO  : 'targets -set -filter {jtag_cable_name =~ "RealDigital Boo 8874292300B3A" && level==0 && jtag_device_ctx=="jsn1-0362f093-0"}' command is executed.
20:03:25 INFO  : Device configured successfully with "C:/Users/austi/OneDrive/Desktop/385Labs/final_proj/lab6/flappybird_workspace/flap/_ide/bitstream/flappy_bird.bit"
20:03:25 INFO  : Context for processor 'microblaze_0' is selected.
20:03:25 INFO  : Hardware design and registers information is loaded from 'C:/Users/austi/OneDrive/Desktop/385Labs/final_proj/lab6/flappybird_workspace/flappy_bird/export/flappy_bird/hw/flappy_bird.xsa'.
20:03:25 INFO  : 'configparams mdm-detect-bscan-mask 2' command is executed.
20:03:25 INFO  : Context for processor 'microblaze_0' is selected.
20:03:25 INFO  : System reset is completed.
20:03:28 INFO  : 'after 3000' command is executed.
20:03:28 INFO  : Context for processor 'microblaze_0' is selected.
20:03:28 INFO  : The application 'C:/Users/austi/OneDrive/Desktop/385Labs/final_proj/lab6/flappybird_workspace/flap/Debug/flap.elf' is downloaded to processor 'microblaze_0'.
20:03:28 INFO  : ----------------XSDB Script----------------
connect -url tcp:127.0.0.1:3121
targets -set -filter {jtag_cable_name =~ "RealDigital Boo 8874292300B3A" && level==0 && jtag_device_ctx=="jsn1-0362f093-0"}
fpga -file C:/Users/austi/OneDrive/Desktop/385Labs/final_proj/lab6/flappybird_workspace/flap/_ide/bitstream/flappy_bird.bit
targets -set -nocase -filter {name =~ "*microblaze*#0" && bscan=="USER2" }
loadhw -hw C:/Users/austi/OneDrive/Desktop/385Labs/final_proj/lab6/flappybird_workspace/flappy_bird/export/flappy_bird/hw/flappy_bird.xsa -regs
configparams mdm-detect-bscan-mask 2
targets -set -nocase -filter {name =~ "*microblaze*#0" && bscan=="USER2" }
rst -system
after 3000
targets -set -nocase -filter {name =~ "*microblaze*#0" && bscan=="USER2" }
dow C:/Users/austi/OneDrive/Desktop/385Labs/final_proj/lab6/flappybird_workspace/flap/Debug/flap.elf
----------------End of Script----------------

20:03:28 INFO  : Context for processor 'microblaze_0' is selected.
20:03:28 INFO  : 'con' command is executed.
20:03:28 INFO  : ----------------XSDB Script (After Launch)----------------
targets -set -nocase -filter {name =~ "*microblaze*#0" && bscan=="USER2" }
con
----------------End of Script----------------

20:03:28 INFO  : Launch script is exported to file 'C:\Users\austi\OneDrive\Desktop\385Labs\final_proj\lab6\flappybird_workspace\flap_system\_ide\scripts\debugger_flap-default.tcl'
21:54:42 INFO  : Disconnected from the channel tcfchan#35.
13:59:49 DEBUG : Logs will be stored at 'C:/Users/austi/OneDrive/Desktop/385Labs/final_proj/lab6/flappybird_workspace/IDE.log'.
13:59:51 INFO  : Launching XSCT server: xsct.bat -n  -interactive C:\Users\austi\OneDrive\Desktop\385Labs\final_proj\lab6\flappybird_workspace\temp_xsdb_launch_script.tcl
13:59:54 INFO  : Platform repository initialization has completed.
13:59:56 INFO  : Registering command handlers for Vitis TCF services
13:59:59 INFO  : XSCT server has started successfully.
13:59:59 INFO  : plnx-install-location is set to ''
14:00:07 INFO  : Successfully done setting XSCT server connection channel  
14:00:07 INFO  : Successfully done query RDI_DATADIR 
14:00:07 INFO  : Successfully done setting workspace for the tool. 
14:01:01 INFO  : Connected to target on host '127.0.0.1' and port '3121'.
14:01:02 INFO  : Jtag cable 'RealDigital Boo 8874292300B3A' is selected.
14:01:02 INFO  : 'jtag frequency' command is executed.
14:01:02 INFO  : 'targets -set -filter {jtag_cable_name =~ "RealDigital Boo 8874292300B3A" && level==0 && jtag_device_ctx=="jsn1-0362f093-0"}' command is executed.
14:01:04 INFO  : Device configured successfully with "C:/Users/austi/OneDrive/Desktop/385Labs/final_proj/lab6/flappybird_workspace/flap/_ide/bitstream/flappy_bird.bit"
14:01:04 INFO  : Context for processor 'microblaze_0' is selected.
14:01:04 INFO  : Hardware design and registers information is loaded from 'C:/Users/austi/OneDrive/Desktop/385Labs/final_proj/lab6/flappybird_workspace/flappy_bird/export/flappy_bird/hw/flappy_bird.xsa'.
14:01:04 INFO  : 'configparams mdm-detect-bscan-mask 2' command is executed.
14:01:04 INFO  : Context for processor 'microblaze_0' is selected.
14:01:04 INFO  : System reset is completed.
14:01:07 INFO  : 'after 3000' command is executed.
14:01:07 INFO  : Context for processor 'microblaze_0' is selected.
14:01:07 INFO  : The application 'C:/Users/austi/OneDrive/Desktop/385Labs/final_proj/lab6/flappybird_workspace/flap/Debug/flap.elf' is downloaded to processor 'microblaze_0'.
14:01:07 INFO  : ----------------XSDB Script----------------
connect -url tcp:127.0.0.1:3121
targets -set -filter {jtag_cable_name =~ "RealDigital Boo 8874292300B3A" && level==0 && jtag_device_ctx=="jsn1-0362f093-0"}
fpga -file C:/Users/austi/OneDrive/Desktop/385Labs/final_proj/lab6/flappybird_workspace/flap/_ide/bitstream/flappy_bird.bit
targets -set -nocase -filter {name =~ "*microblaze*#0" && bscan=="USER2" }
loadhw -hw C:/Users/austi/OneDrive/Desktop/385Labs/final_proj/lab6/flappybird_workspace/flappy_bird/export/flappy_bird/hw/flappy_bird.xsa -regs
configparams mdm-detect-bscan-mask 2
targets -set -nocase -filter {name =~ "*microblaze*#0" && bscan=="USER2" }
rst -system
after 3000
targets -set -nocase -filter {name =~ "*microblaze*#0" && bscan=="USER2" }
dow C:/Users/austi/OneDrive/Desktop/385Labs/final_proj/lab6/flappybird_workspace/flap/Debug/flap.elf
----------------End of Script----------------

14:01:08 INFO  : Context for processor 'microblaze_0' is selected.
14:01:08 INFO  : 'con' command is executed.
14:01:08 INFO  : ----------------XSDB Script (After Launch)----------------
targets -set -nocase -filter {name =~ "*microblaze*#0" && bscan=="USER2" }
con
----------------End of Script----------------

14:01:08 INFO  : Launch script is exported to file 'C:\Users\austi\OneDrive\Desktop\385Labs\final_proj\lab6\flappybird_workspace\flap_system\_ide\scripts\debugger_flap-default.tcl'
14:11:19 INFO  : Disconnected from the channel tcfchan#1.
15:16:29 DEBUG : Logs will be stored at 'C:/Users/austi/OneDrive/Desktop/385Labs/final_proj/lab6/flappybird_workspace/IDE.log'.
15:16:29 INFO  : Launching XSCT server: xsct.bat -n  -interactive C:\Users\austi\OneDrive\Desktop\385Labs\final_proj\lab6\flappybird_workspace\temp_xsdb_launch_script.tcl
15:16:31 INFO  : Platform repository initialization has completed.
15:16:33 INFO  : Registering command handlers for Vitis TCF services
15:16:35 INFO  : XSCT server has started successfully.
15:16:39 INFO  : Successfully done setting XSCT server connection channel  
15:16:39 INFO  : plnx-install-location is set to ''
15:16:39 INFO  : Successfully done query RDI_DATADIR 
15:16:39 INFO  : Successfully done setting workspace for the tool. 
15:16:42 INFO  : Connected to target on host '127.0.0.1' and port '3121'.
15:16:43 INFO  : Jtag cable 'RealDigital Boo 8874292300B3A' is selected.
15:16:43 INFO  : 'jtag frequency' command is executed.
15:16:43 INFO  : 'targets -set -filter {jtag_cable_name =~ "RealDigital Boo 8874292300B3A" && level==0 && jtag_device_ctx=="jsn1-0362f093-0"}' command is executed.
15:16:44 INFO  : Device configured successfully with "C:/Users/austi/OneDrive/Desktop/385Labs/final_proj/lab6/flappybird_workspace/flap/_ide/bitstream/flappy_bird.bit"
15:16:44 INFO  : Context for processor 'microblaze_0' is selected.
15:16:44 INFO  : Hardware design and registers information is loaded from 'C:/Users/austi/OneDrive/Desktop/385Labs/final_proj/lab6/flappybird_workspace/flappy_bird/export/flappy_bird/hw/flappy_bird.xsa'.
15:16:44 INFO  : 'configparams mdm-detect-bscan-mask 2' command is executed.
15:16:44 INFO  : Context for processor 'microblaze_0' is selected.
15:16:44 INFO  : System reset is completed.
15:16:47 INFO  : 'after 3000' command is executed.
15:16:48 INFO  : Context for processor 'microblaze_0' is selected.
15:16:48 INFO  : The application 'C:/Users/austi/OneDrive/Desktop/385Labs/final_proj/lab6/flappybird_workspace/flap/Debug/flap.elf' is downloaded to processor 'microblaze_0'.
15:16:48 INFO  : ----------------XSDB Script----------------
connect -url tcp:127.0.0.1:3121
targets -set -filter {jtag_cable_name =~ "RealDigital Boo 8874292300B3A" && level==0 && jtag_device_ctx=="jsn1-0362f093-0"}
fpga -file C:/Users/austi/OneDrive/Desktop/385Labs/final_proj/lab6/flappybird_workspace/flap/_ide/bitstream/flappy_bird.bit
targets -set -nocase -filter {name =~ "*microblaze*#0" && bscan=="USER2" }
loadhw -hw C:/Users/austi/OneDrive/Desktop/385Labs/final_proj/lab6/flappybird_workspace/flappy_bird/export/flappy_bird/hw/flappy_bird.xsa -regs
configparams mdm-detect-bscan-mask 2
targets -set -nocase -filter {name =~ "*microblaze*#0" && bscan=="USER2" }
rst -system
after 3000
targets -set -nocase -filter {name =~ "*microblaze*#0" && bscan=="USER2" }
dow C:/Users/austi/OneDrive/Desktop/385Labs/final_proj/lab6/flappybird_workspace/flap/Debug/flap.elf
----------------End of Script----------------

15:16:48 INFO  : Context for processor 'microblaze_0' is selected.
15:16:48 INFO  : 'con' command is executed.
15:16:48 INFO  : ----------------XSDB Script (After Launch)----------------
targets -set -nocase -filter {name =~ "*microblaze*#0" && bscan=="USER2" }
con
----------------End of Script----------------

15:16:48 INFO  : Launch script is exported to file 'C:\Users\austi\OneDrive\Desktop\385Labs\final_proj\lab6\flappybird_workspace\flap_system\_ide\scripts\debugger_flap-default.tcl'
15:17:53 INFO  : Disconnected from the channel tcfchan#1.
15:17:54 INFO  : Connected to target on host '127.0.0.1' and port '3121'.
15:17:54 INFO  : Jtag cable 'RealDigital Boo 8874292300B3A' is selected.
15:17:54 INFO  : 'jtag frequency' command is executed.
15:17:54 INFO  : 'targets -set -filter {jtag_cable_name =~ "RealDigital Boo 8874292300B3A" && level==0 && jtag_device_ctx=="jsn1-0362f093-0"}' command is executed.
15:17:56 INFO  : Device configured successfully with "C:/Users/austi/OneDrive/Desktop/385Labs/final_proj/lab6/flappybird_workspace/flap/_ide/bitstream/flappy_bird.bit"
15:17:56 INFO  : Context for processor 'microblaze_0' is selected.
15:17:56 INFO  : Hardware design and registers information is loaded from 'C:/Users/austi/OneDrive/Desktop/385Labs/final_proj/lab6/flappybird_workspace/flappy_bird/export/flappy_bird/hw/flappy_bird.xsa'.
15:17:56 INFO  : 'configparams mdm-detect-bscan-mask 2' command is executed.
15:17:56 INFO  : Context for processor 'microblaze_0' is selected.
15:17:56 INFO  : System reset is completed.
15:17:59 INFO  : 'after 3000' command is executed.
15:17:59 INFO  : Context for processor 'microblaze_0' is selected.
15:17:59 INFO  : The application 'C:/Users/austi/OneDrive/Desktop/385Labs/final_proj/lab6/flappybird_workspace/flap/Debug/flap.elf' is downloaded to processor 'microblaze_0'.
15:17:59 INFO  : ----------------XSDB Script----------------
connect -url tcp:127.0.0.1:3121
targets -set -filter {jtag_cable_name =~ "RealDigital Boo 8874292300B3A" && level==0 && jtag_device_ctx=="jsn1-0362f093-0"}
fpga -file C:/Users/austi/OneDrive/Desktop/385Labs/final_proj/lab6/flappybird_workspace/flap/_ide/bitstream/flappy_bird.bit
targets -set -nocase -filter {name =~ "*microblaze*#0" && bscan=="USER2" }
loadhw -hw C:/Users/austi/OneDrive/Desktop/385Labs/final_proj/lab6/flappybird_workspace/flappy_bird/export/flappy_bird/hw/flappy_bird.xsa -regs
configparams mdm-detect-bscan-mask 2
targets -set -nocase -filter {name =~ "*microblaze*#0" && bscan=="USER2" }
rst -system
after 3000
targets -set -nocase -filter {name =~ "*microblaze*#0" && bscan=="USER2" }
dow C:/Users/austi/OneDrive/Desktop/385Labs/final_proj/lab6/flappybird_workspace/flap/Debug/flap.elf
----------------End of Script----------------

15:17:59 INFO  : Context for processor 'microblaze_0' is selected.
15:17:59 INFO  : 'con' command is executed.
15:17:59 INFO  : ----------------XSDB Script (After Launch)----------------
targets -set -nocase -filter {name =~ "*microblaze*#0" && bscan=="USER2" }
con
----------------End of Script----------------

15:17:59 INFO  : Launch script is exported to file 'C:\Users\austi\OneDrive\Desktop\385Labs\final_proj\lab6\flappybird_workspace\flap_system\_ide\scripts\debugger_flap-default.tcl'
15:51:13 INFO  : Hardware specification for platform project 'flappy_bird' is updated.
15:51:22 INFO  : Result from executing command 'removePlatformRepo': 
15:51:32 INFO  : Result from executing command 'getProjects': flappy_bird
15:51:32 INFO  : Result from executing command 'getPlatforms': 
15:51:32 INFO  : Checking for BSP changes to sync application flags for project 'flap'...
15:51:35 INFO  : The hardware specification used by project 'flap' is out of sync with the platform. Resource files extracted from the hardware specification will be updated.
15:51:35 INFO  : The file 'C:\Users\austi\OneDrive\Desktop\385Labs\final_proj\lab6\flappybird_workspace\flap\_ide\bitstream\flappy_bird.bit' stored in project is removed.
15:51:35 INFO  : The file 'C:\Users\austi\OneDrive\Desktop\385Labs\final_proj\lab6\flappybird_workspace\flap\_ide\bitstream\flappy_bird.mmi' stored in project is removed.
15:51:35 INFO  : The updated bitstream files are copied from platform to folder 'C:\Users\austi\OneDrive\Desktop\385Labs\final_proj\lab6\flappybird_workspace\flap\_ide\bitstream' in project 'flap'.
15:52:03 INFO  : Disconnected from the channel tcfchan#2.
15:52:04 INFO  : Connected to target on host '127.0.0.1' and port '3121'.
15:52:05 INFO  : Jtag cable 'RealDigital Boo 8874292300B3A' is selected.
15:52:05 INFO  : 'jtag frequency' command is executed.
15:52:08 ERROR : no targets found with "jtag_cable_name =~ "RealDigital Boo 8874292300B3A" && level==0 && jtag_device_ctx=="jsn1-0362f093-0"". available targets:
  1  xc7s50
15:52:08 ERROR : Exception occured while running Program Device.
java.lang.RuntimeException: no targets found with "jtag_cable_name =~ "RealDigital Boo 8874292300B3A" && level==0 && jtag_device_ctx=="jsn1-0362f093-0"". available targets:
  1  xc7s50
15:52:08 INFO  : ----------------XSDB Script----------------
connect -url tcp:127.0.0.1:3121
----------------End of Script----------------

15:52:08 ERROR : no targets found with "jtag_cable_name =~ "RealDigital Boo 8874292300B3A" && level==0 && jtag_device_ctx=="jsn1-0362f093-0"". available targets:
  1  xc7s50
15:52:23 INFO  : Connected to target on host '127.0.0.1' and port '3121'.
15:52:23 INFO  : Jtag cable 'RealDigital Boo 8874292300B3A' is selected.
15:52:23 INFO  : 'jtag frequency' command is executed.
15:52:26 ERROR : no targets found with "jtag_cable_name =~ "RealDigital Boo 8874292300B3A" && level==0 && jtag_device_ctx=="jsn1-0362f093-0"". available targets:
  1  xc7s50
15:52:27 ERROR : Exception occured while running Program Device.
java.lang.RuntimeException: no targets found with "jtag_cable_name =~ "RealDigital Boo 8874292300B3A" && level==0 && jtag_device_ctx=="jsn1-0362f093-0"". available targets:
  1  xc7s50
15:52:27 INFO  : ----------------XSDB Script----------------
connect -url tcp:127.0.0.1:3121
----------------End of Script----------------

15:52:27 ERROR : no targets found with "jtag_cable_name =~ "RealDigital Boo 8874292300B3A" && level==0 && jtag_device_ctx=="jsn1-0362f093-0"". available targets:
  1  xc7s50
